Oct 26, 2016 10:49:43 AM org.apache.catalina.startup.VersionLoggerListener log
INFO: Server version:        Apache Tomcat/7.0.72
Oct 26, 2016 10:49:43 AM org.apache.catalina.startup.VersionLoggerListener log
INFO: Server built:          Sep 14 2016 12:12:26 UTC
Oct 26, 2016 10:49:43 AM org.apache.catalina.startup.VersionLoggerListener log
INFO: Server number:         7.0.72.0
Oct 26, 2016 10:49:43 AM org.apache.catalina.startup.VersionLoggerListener log
INFO: OS Name:               Windows 10
Oct 26, 2016 10:49:43 AM org.apache.catalina.startup.VersionLoggerListener log
INFO: OS Version:            10.0
Oct 26, 2016 10:49:43 AM org.apache.catalina.startup.VersionLoggerListener log
INFO: Architecture:          amd64
Oct 26, 2016 10:49:43 AM org.apache.catalina.startup.VersionLoggerListener log
INFO: Java Home:             C:\Program Files\Java\jdk1.8.0_101\jre
Oct 26, 2016 10:49:43 AM org.apache.catalina.startup.VersionLoggerListener log
INFO: JVM Version:           1.8.0_101-b13
Oct 26, 2016 10:49:43 AM org.apache.catalina.startup.VersionLoggerListener log
INFO: JVM Vendor:            Oracle Corporation
Oct 26, 2016 10:49:43 AM org.apache.catalina.startup.VersionLoggerListener log
INFO: CATALINA_BASE:         C:/Users/victo/Downloads/WebCrawler-JAVA-/sql/tomcat
Oct 26, 2016 10:49:43 AM org.apache.catalina.startup.VersionLoggerListener log
INFO: CATALINA_HOME:         C:/Users/victo/Downloads/WebCrawler-JAVA-/sql/tomcat
Oct 26, 2016 10:49:43 AM org.apache.catalina.startup.VersionLoggerListener log
INFO: Command line argument: -Djava.util.logging.config.file=C:/Users/victo/Downloads/WebCrawler-JAVA-/sql/tomcat/conf/logging.properties
Oct 26, 2016 10:49:43 AM org.apache.catalina.startup.VersionLoggerListener log
INFO: Command line argument: -Djava.util.logging.manager=org.apache.juli.ClassLoaderLogManager
Oct 26, 2016 10:49:43 AM org.apache.catalina.startup.VersionLoggerListener log
INFO: Command line argument: -Djdk.tls.ephemeralDHKeySize=2048
Oct 26, 2016 10:49:43 AM org.apache.catalina.startup.VersionLoggerListener log
INFO: Command line argument: -Djava.endorsed.dirs=C:/Users/victo/Downloads/WebCrawler-JAVA-/sql/tomcat/endorsed
Oct 26, 2016 10:49:43 AM org.apache.catalina.startup.VersionLoggerListener log
INFO: Command line argument: -Dcatalina.base=C:/Users/victo/Downloads/WebCrawler-JAVA-/sql/tomcat
Oct 26, 2016 10:49:43 AM org.apache.catalina.startup.VersionLoggerListener log
INFO: Command line argument: -Dcatalina.home=C:/Users/victo/Downloads/WebCrawler-JAVA-/sql/tomcat
Oct 26, 2016 10:49:43 AM org.apache.catalina.startup.VersionLoggerListener log
INFO: Command line argument: -Djava.io.tmpdir=C:/Users/victo/Downloads/WebCrawler-JAVA-/sql/tomcat/temp
Oct 26, 2016 10:49:43 AM org.apache.catalina.core.AprLifecycleListener lifecycleEvent
INFO: Loaded APR based Apache Tomcat Native library 1.2.8 using APR version 1.5.2.
Oct 26, 2016 10:49:43 AM org.apache.catalina.core.AprLifecycleListener lifecycleEvent
INFO: APR capabilities: IPv6 [true], sendfile [true], accept filters [false], random [true].
Oct 26, 2016 10:49:43 AM org.apache.catalina.core.AprLifecycleListener initializeSSL
INFO: OpenSSL successfully initialized (OpenSSL 1.0.2h  3 May 2016)
Oct 26, 2016 10:49:44 AM org.apache.coyote.AbstractProtocol init
INFO: Initializing ProtocolHandler ["http-apr-9999"]
Oct 26, 2016 10:49:44 AM org.apache.coyote.AbstractProtocol init
INFO: Initializing ProtocolHandler ["ajp-apr-8009"]
Oct 26, 2016 10:49:44 AM org.apache.catalina.startup.Catalina load
INFO: Initialization processed in 1879 ms
Oct 26, 2016 10:49:44 AM org.apache.catalina.core.StandardService startInternal
INFO: Starting service Catalina
Oct 26, 2016 10:49:44 AM org.apache.catalina.core.StandardEngine startInternal
INFO: Starting Servlet Engine: Apache Tomcat/7.0.72
Oct 26, 2016 10:49:44 AM org.apache.catalina.startup.HostConfig deployDirectory
INFO: Deploying web application directory C:\Users\victo\Downloads\WebCrawler-JAVA-\sql\tomcat\webapps\docs
Oct 26, 2016 10:49:44 AM org.apache.catalina.startup.HostConfig deployDirectory
INFO: Deployment of web application directory C:\Users\victo\Downloads\WebCrawler-JAVA-\sql\tomcat\webapps\docs has finished in 441 ms
Oct 26, 2016 10:49:44 AM org.apache.catalina.startup.HostConfig deployDirectory
INFO: Deploying web application directory C:\Users\victo\Downloads\WebCrawler-JAVA-\sql\tomcat\webapps\examples
Oct 26, 2016 10:49:45 AM org.apache.catalina.startup.HostConfig deployDirectory
INFO: Deployment of web application directory C:\Users\victo\Downloads\WebCrawler-JAVA-\sql\tomcat\webapps\examples has finished in 1,070 ms
Oct 26, 2016 10:49:45 AM org.apache.catalina.startup.HostConfig deployDirectory
INFO: Deploying web application directory C:\Users\victo\Downloads\WebCrawler-JAVA-\sql\tomcat\webapps\hello
Oct 26, 2016 10:49:46 AM org.apache.catalina.startup.HostConfig deployDirectory
INFO: Deployment of web application directory C:\Users\victo\Downloads\WebCrawler-JAVA-\sql\tomcat\webapps\hello has finished in 121 ms
Oct 26, 2016 10:49:46 AM org.apache.catalina.startup.HostConfig deployDirectory
INFO: Deploying web application directory C:\Users\victo\Downloads\WebCrawler-JAVA-\sql\tomcat\webapps\host-manager
Oct 26, 2016 10:49:46 AM org.apache.catalina.startup.HostConfig deployDirectory
INFO: Deployment of web application directory C:\Users\victo\Downloads\WebCrawler-JAVA-\sql\tomcat\webapps\host-manager has finished in 74 ms
Oct 26, 2016 10:49:46 AM org.apache.catalina.startup.HostConfig deployDirectory
INFO: Deploying web application directory C:\Users\victo\Downloads\WebCrawler-JAVA-\sql\tomcat\webapps\manager
Oct 26, 2016 10:49:46 AM org.apache.catalina.startup.HostConfig deployDirectory
INFO: Deployment of web application directory C:\Users\victo\Downloads\WebCrawler-JAVA-\sql\tomcat\webapps\manager has finished in 73 ms
Oct 26, 2016 10:49:46 AM org.apache.catalina.startup.HostConfig deployDirectory
INFO: Deploying web application directory C:\Users\victo\Downloads\WebCrawler-JAVA-\sql\tomcat\webapps\ROOT
Oct 26, 2016 10:49:46 AM org.apache.catalina.startup.HostConfig deployDirectory
INFO: Deployment of web application directory C:\Users\victo\Downloads\WebCrawler-JAVA-\sql\tomcat\webapps\ROOT has finished in 72 ms
Oct 26, 2016 10:49:46 AM org.apache.coyote.AbstractProtocol start
INFO: Starting ProtocolHandler ["http-apr-9999"]
Oct 26, 2016 10:49:46 AM org.apache.coyote.AbstractProtocol start
INFO: Starting ProtocolHandler ["ajp-apr-8009"]
Oct 26, 2016 10:49:46 AM org.apache.catalina.startup.Catalina start
INFO: Server startup in 1953 ms
Oct 26, 2016 10:50:14 AM org.apache.catalina.startup.VersionLoggerListener log
INFO: Server version:        Apache Tomcat/7.0.72
Oct 26, 2016 10:50:14 AM org.apache.catalina.startup.VersionLoggerListener log
INFO: Server built:          Sep 14 2016 12:12:26 UTC
Oct 26, 2016 10:50:14 AM org.apache.catalina.startup.VersionLoggerListener log
INFO: Server number:         7.0.72.0
Oct 26, 2016 10:50:14 AM org.apache.catalina.startup.VersionLoggerListener log
INFO: OS Name:               Windows 10
Oct 26, 2016 10:50:14 AM org.apache.catalina.startup.VersionLoggerListener log
INFO: OS Version:            10.0
Oct 26, 2016 10:50:14 AM org.apache.catalina.startup.VersionLoggerListener log
INFO: Architecture:          amd64
Oct 26, 2016 10:50:14 AM org.apache.catalina.startup.VersionLoggerListener log
INFO: Java Home:             C:\Program Files\Java\jdk1.8.0_101\jre
Oct 26, 2016 10:50:14 AM org.apache.catalina.startup.VersionLoggerListener log
INFO: JVM Version:           1.8.0_101-b13
Oct 26, 2016 10:50:14 AM org.apache.catalina.startup.VersionLoggerListener log
INFO: JVM Vendor:            Oracle Corporation
Oct 26, 2016 10:50:14 AM org.apache.catalina.startup.VersionLoggerListener log
INFO: CATALINA_BASE:         C:/Users/victo/Downloads/WebCrawler-JAVA-/sql/tomcat
Oct 26, 2016 10:50:14 AM org.apache.catalina.startup.VersionLoggerListener log
INFO: CATALINA_HOME:         C:/Users/victo/Downloads/WebCrawler-JAVA-/sql/tomcat
Oct 26, 2016 10:50:14 AM org.apache.catalina.startup.VersionLoggerListener log
INFO: Command line argument: -Djava.util.logging.config.file=C:/Users/victo/Downloads/WebCrawler-JAVA-/sql/tomcat/conf/logging.properties
Oct 26, 2016 10:50:14 AM org.apache.catalina.startup.VersionLoggerListener log
INFO: Command line argument: -Djava.util.logging.manager=org.apache.juli.ClassLoaderLogManager
Oct 26, 2016 10:50:14 AM org.apache.catalina.startup.VersionLoggerListener log
INFO: Command line argument: -Djdk.tls.ephemeralDHKeySize=2048
Oct 26, 2016 10:50:14 AM org.apache.catalina.startup.VersionLoggerListener log
INFO: Command line argument: -Djava.endorsed.dirs=C:/Users/victo/Downloads/WebCrawler-JAVA-/sql/tomcat/endorsed
Oct 26, 2016 10:50:14 AM org.apache.catalina.startup.VersionLoggerListener log
INFO: Command line argument: -Dcatalina.base=C:/Users/victo/Downloads/WebCrawler-JAVA-/sql/tomcat
Oct 26, 2016 10:50:14 AM org.apache.catalina.startup.VersionLoggerListener log
INFO: Command line argument: -Dcatalina.home=C:/Users/victo/Downloads/WebCrawler-JAVA-/sql/tomcat
Oct 26, 2016 10:50:14 AM org.apache.catalina.startup.VersionLoggerListener log
INFO: Command line argument: -Djava.io.tmpdir=C:/Users/victo/Downloads/WebCrawler-JAVA-/sql/tomcat/temp
Oct 26, 2016 10:50:14 AM org.apache.catalina.core.AprLifecycleListener lifecycleEvent
INFO: Loaded APR based Apache Tomcat Native library 1.2.8 using APR version 1.5.2.
Oct 26, 2016 10:50:14 AM org.apache.catalina.core.AprLifecycleListener lifecycleEvent
INFO: APR capabilities: IPv6 [true], sendfile [true], accept filters [false], random [true].
Oct 26, 2016 10:50:15 AM org.apache.catalina.core.AprLifecycleListener initializeSSL
INFO: OpenSSL successfully initialized (OpenSSL 1.0.2h  3 May 2016)
Oct 26, 2016 10:50:15 AM org.apache.coyote.AbstractProtocol init
INFO: Initializing ProtocolHandler ["http-apr-9999"]
Oct 26, 2016 10:50:15 AM org.apache.coyote.AbstractProtocol init
INFO: Initializing ProtocolHandler ["ajp-apr-8009"]
Oct 26, 2016 10:50:15 AM org.apache.catalina.startup.Catalina load
INFO: Initialization processed in 1296 ms
Oct 26, 2016 10:50:15 AM org.apache.catalina.core.StandardService startInternal
INFO: Starting service Catalina
Oct 26, 2016 10:50:15 AM org.apache.catalina.core.StandardEngine startInternal
INFO: Starting Servlet Engine: Apache Tomcat/7.0.72
Oct 26, 2016 10:50:15 AM org.apache.catalina.startup.HostConfig deployDirectory
INFO: Deploying web application directory C:\Users\victo\Downloads\WebCrawler-JAVA-\sql\tomcat\webapps\docs
Oct 26, 2016 10:50:16 AM org.apache.catalina.startup.HostConfig deployDirectory
INFO: Deployment of web application directory C:\Users\victo\Downloads\WebCrawler-JAVA-\sql\tomcat\webapps\docs has finished in 390 ms
Oct 26, 2016 10:50:16 AM org.apache.catalina.startup.HostConfig deployDirectory
INFO: Deploying web application directory C:\Users\victo\Downloads\WebCrawler-JAVA-\sql\tomcat\webapps\examples
Oct 26, 2016 10:50:16 AM org.apache.catalina.startup.HostConfig deployDirectory
INFO: Deployment of web application directory C:\Users\victo\Downloads\WebCrawler-JAVA-\sql\tomcat\webapps\examples has finished in 416 ms
Oct 26, 2016 10:50:16 AM org.apache.catalina.startup.HostConfig deployDirectory
INFO: Deploying web application directory C:\Users\victo\Downloads\WebCrawler-JAVA-\sql\tomcat\webapps\hello
Oct 26, 2016 10:50:16 AM org.apache.catalina.startup.HostConfig deployDirectory
INFO: Deployment of web application directory C:\Users\victo\Downloads\WebCrawler-JAVA-\sql\tomcat\webapps\hello has finished in 147 ms
Oct 26, 2016 10:50:16 AM org.apache.catalina.startup.HostConfig deployDirectory
INFO: Deploying web application directory C:\Users\victo\Downloads\WebCrawler-JAVA-\sql\tomcat\webapps\host-manager
Oct 26, 2016 10:50:16 AM org.apache.catalina.startup.HostConfig deployDirectory
INFO: Deployment of web application directory C:\Users\victo\Downloads\WebCrawler-JAVA-\sql\tomcat\webapps\host-manager has finished in 76 ms
Oct 26, 2016 10:50:16 AM org.apache.catalina.startup.HostConfig deployDirectory
INFO: Deploying web application directory C:\Users\victo\Downloads\WebCrawler-JAVA-\sql\tomcat\webapps\manager
Oct 26, 2016 10:50:16 AM org.apache.catalina.startup.HostConfig deployDirectory
INFO: Deployment of web application directory C:\Users\victo\Downloads\WebCrawler-JAVA-\sql\tomcat\webapps\manager has finished in 55 ms
Oct 26, 2016 10:50:16 AM org.apache.catalina.startup.HostConfig deployDirectory
INFO: Deploying web application directory C:\Users\victo\Downloads\WebCrawler-JAVA-\sql\tomcat\webapps\ROOT
Oct 26, 2016 10:50:16 AM org.apache.catalina.startup.HostConfig deployDirectory
INFO: Deployment of web application directory C:\Users\victo\Downloads\WebCrawler-JAVA-\sql\tomcat\webapps\ROOT has finished in 58 ms
Oct 26, 2016 10:50:16 AM org.apache.coyote.AbstractProtocol start
INFO: Starting ProtocolHandler ["http-apr-9999"]
Oct 26, 2016 10:50:16 AM org.apache.coyote.AbstractProtocol start
INFO: Starting ProtocolHandler ["ajp-apr-8009"]
Oct 26, 2016 10:50:16 AM org.apache.catalina.startup.Catalina start
INFO: Server startup in 1224 ms
