Oct 31, 2016 3:22:43 AM org.apache.catalina.core.StandardContext reload
INFO: Reloading Context with name [/hello] has started
Oct 31, 2016 3:22:43 AM org.apache.catalina.core.StandardContext reload
INFO: Reloading Context with name [/hello] is completed
Oct 31, 2016 3:23:03 AM org.apache.catalina.core.StandardContext reload
INFO: Reloading Context with name [/hello] has started
Oct 31, 2016 3:23:03 AM org.apache.catalina.core.StandardContext reload
INFO: Reloading Context with name [/hello] is completed
Oct 31, 2016 3:23:23 AM org.apache.catalina.core.StandardContext reload
INFO: Reloading Context with name [/hello] has started
Oct 31, 2016 3:23:23 AM org.apache.catalina.core.StandardContext reload
INFO: Reloading Context with name [/hello] is completed
Oct 31, 2016 3:23:43 AM org.apache.catalina.core.StandardContext reload
INFO: Reloading Context with name [/hello] has started
Oct 31, 2016 3:23:44 AM org.apache.catalina.core.StandardContext reload
INFO: Reloading Context with name [/hello] is completed
Oct 31, 2016 3:24:14 AM org.apache.catalina.core.StandardContext reload
INFO: Reloading Context with name [/hello] has started
Oct 31, 2016 3:24:14 AM org.apache.catalina.core.StandardContext reload
INFO: Reloading Context with name [/hello] is completed
Oct 31, 2016 3:24:34 AM org.apache.catalina.core.StandardContext reload
INFO: Reloading Context with name [/hello] has started
Oct 31, 2016 3:24:34 AM org.apache.catalina.core.StandardContext reload
INFO: Reloading Context with name [/hello] is completed
Oct 31, 2016 3:24:54 AM org.apache.catalina.core.StandardContext reload
INFO: Reloading Context with name [/hello] has started
Oct 31, 2016 3:24:54 AM org.apache.catalina.core.StandardContext reload
INFO: Reloading Context with name [/hello] is completed
Oct 31, 2016 3:38:37 AM org.apache.catalina.core.StandardContext reload
INFO: Reloading Context with name [/hello] has started
Oct 31, 2016 3:38:37 AM org.apache.catalina.core.StandardContext reload
INFO: Reloading Context with name [/hello] is completed
Oct 31, 2016 3:39:07 AM org.apache.catalina.core.StandardContext reload
INFO: Reloading Context with name [/hello] has started
Oct 31, 2016 3:39:07 AM org.apache.catalina.core.StandardContext reload
INFO: Reloading Context with name [/hello] is completed
Oct 31, 2016 3:41:07 AM org.apache.catalina.core.StandardContext reload
INFO: Reloading Context with name [/hello] has started
Oct 31, 2016 3:41:07 AM org.apache.catalina.core.StandardContext reload
INFO: Reloading Context with name [/hello] is completed
Oct 31, 2016 3:41:37 AM org.apache.catalina.core.StandardContext reload
INFO: Reloading Context with name [/hello] has started
Oct 31, 2016 3:41:37 AM org.apache.catalina.core.StandardContext reload
INFO: Reloading Context with name [/hello] is completed
Oct 31, 2016 3:43:08 AM org.apache.catalina.core.StandardContext reload
INFO: Reloading Context with name [/hello] has started
Oct 31, 2016 3:43:08 AM org.apache.catalina.core.StandardContext reload
INFO: Reloading Context with name [/hello] is completed
Oct 31, 2016 3:43:28 AM org.apache.catalina.core.StandardContext reload
INFO: Reloading Context with name [/hello] has started
Oct 31, 2016 3:43:28 AM org.apache.catalina.core.StandardContext reload
INFO: Reloading Context with name [/hello] is completed
Oct 31, 2016 3:44:18 AM org.apache.catalina.core.StandardContext reload
INFO: Reloading Context with name [/hello] has started
Oct 31, 2016 3:44:18 AM org.apache.catalina.core.StandardContext reload
INFO: Reloading Context with name [/hello] is completed
Oct 31, 2016 3:46:39 AM org.apache.catalina.core.StandardContext reload
INFO: Reloading Context with name [/hello] has started
Oct 31, 2016 3:46:39 AM org.apache.catalina.core.StandardContext reload
INFO: Reloading Context with name [/hello] is completed
Oct 31, 2016 3:46:59 AM org.apache.catalina.core.StandardContext reload
INFO: Reloading Context with name [/hello] has started
Oct 31, 2016 3:46:59 AM org.apache.catalina.core.StandardContext reload
INFO: Reloading Context with name [/hello] is completed
Oct 31, 2016 4:00:21 AM org.apache.catalina.core.StandardContext reload
INFO: Reloading Context with name [/hello] has started
Oct 31, 2016 4:00:21 AM org.apache.catalina.core.StandardContext reload
INFO: Reloading Context with name [/hello] is completed
Oct 31, 2016 4:08:13 AM org.apache.catalina.core.StandardContext reload
INFO: Reloading Context with name [/hello] has started
Oct 31, 2016 4:08:13 AM org.apache.catalina.core.StandardContext reload
INFO: Reloading Context with name [/hello] is completed
Oct 31, 2016 4:08:33 AM org.apache.catalina.core.StandardContext reload
INFO: Reloading Context with name [/hello] has started
Oct 31, 2016 4:08:33 AM org.apache.catalina.core.StandardContext reload
INFO: Reloading Context with name [/hello] is completed
Oct 31, 2016 4:11:54 AM org.apache.catalina.core.StandardContext reload
INFO: Reloading Context with name [/hello] has started
Oct 31, 2016 4:11:54 AM org.apache.catalina.core.StandardContext reload
INFO: Reloading Context with name [/hello] is completed
Oct 31, 2016 4:12:14 AM org.apache.catalina.core.StandardContext reload
INFO: Reloading Context with name [/hello] has started
Oct 31, 2016 4:12:14 AM org.apache.catalina.core.StandardContext reload
INFO: Reloading Context with name [/hello] is completed
Oct 31, 2016 4:12:34 AM org.apache.catalina.core.StandardContext reload
INFO: Reloading Context with name [/hello] has started
Oct 31, 2016 4:12:34 AM org.apache.catalina.core.StandardContext reload
INFO: Reloading Context with name [/hello] is completed
Oct 31, 2016 4:12:55 AM org.apache.catalina.core.StandardContext reload
INFO: Reloading Context with name [/hello] has started
Oct 31, 2016 4:12:55 AM org.apache.catalina.core.StandardContext reload
INFO: Reloading Context with name [/hello] is completed
Oct 31, 2016 4:43:40 AM org.apache.catalina.core.StandardContext reload
INFO: Reloading Context with name [/hello] has started
Oct 31, 2016 4:43:40 AM org.apache.catalina.core.StandardContext reload
INFO: Reloading Context with name [/hello] is completed
Oct 31, 2016 4:44:20 AM org.apache.catalina.core.StandardContext reload
INFO: Reloading Context with name [/hello] has started
Oct 31, 2016 4:44:21 AM org.apache.catalina.core.StandardContext reload
INFO: Reloading Context with name [/hello] is completed
Oct 31, 2016 4:49:22 AM org.apache.catalina.core.StandardContext reload
INFO: Reloading Context with name [/hello] has started
Oct 31, 2016 4:49:22 AM org.apache.catalina.core.StandardContext reload
INFO: Reloading Context with name [/hello] is completed
Oct 31, 2016 4:50:32 AM org.apache.catalina.core.StandardContext reload
INFO: Reloading Context with name [/hello] has started
Oct 31, 2016 4:50:32 AM org.apache.catalina.core.StandardContext reload
INFO: Reloading Context with name [/hello] is completed
Oct 31, 2016 5:09:05 AM org.apache.catalina.core.StandardContext reload
INFO: Reloading Context with name [/hello] has started
Oct 31, 2016 5:09:05 AM org.apache.catalina.core.StandardContext reload
INFO: Reloading Context with name [/hello] is completed
Oct 31, 2016 5:09:45 AM org.apache.catalina.core.StandardContext reload
INFO: Reloading Context with name [/hello] has started
Oct 31, 2016 5:09:46 AM org.apache.catalina.core.StandardContext reload
INFO: Reloading Context with name [/hello] is completed
Oct 31, 2016 5:12:56 AM org.apache.catalina.core.StandardContext reload
INFO: Reloading Context with name [/hello] has started
Oct 31, 2016 5:12:56 AM org.apache.catalina.core.StandardWrapper unload
INFO: Waiting for 1 instance(s) to be deallocated for Servlet [QueryServlet]
Oct 31, 2016 5:12:56 AM org.apache.catalina.loader.WebappClassLoaderBase clearReferencesThreads
SEVERE: The web application [/hello] appears to have started a thread named [http-apr-9999-exec-303] but has failed to stop it. This is very likely to create a memory leak.
Oct 31, 2016 5:12:56 AM org.apache.catalina.core.StandardContext reload
INFO: Reloading Context with name [/hello] is completed
Oct 31, 2016 5:13:16 AM org.apache.catalina.core.StandardContext reload
INFO: Reloading Context with name [/hello] has started
Oct 31, 2016 5:13:17 AM org.apache.catalina.core.StandardContext reload
INFO: Reloading Context with name [/hello] is completed
Oct 31, 2016 5:14:17 AM org.apache.catalina.core.StandardContext reload
INFO: Reloading Context with name [/hello] has started
Oct 31, 2016 5:14:17 AM org.apache.catalina.core.StandardContext reload
INFO: Reloading Context with name [/hello] is completed
Oct 31, 2016 5:14:57 AM org.apache.catalina.core.StandardContext reload
INFO: Reloading Context with name [/hello] has started
Oct 31, 2016 5:14:57 AM org.apache.catalina.core.StandardContext reload
INFO: Reloading Context with name [/hello] is completed
Oct 31, 2016 5:15:27 AM org.apache.catalina.core.StandardContext reload
INFO: Reloading Context with name [/hello] has started
Oct 31, 2016 5:15:27 AM org.apache.catalina.core.StandardContext reload
INFO: Reloading Context with name [/hello] is completed
Oct 31, 2016 5:15:37 AM org.apache.catalina.core.StandardContext reload
INFO: Reloading Context with name [/hello] has started
Oct 31, 2016 5:15:37 AM org.apache.catalina.core.StandardContext reload
INFO: Reloading Context with name [/hello] is completed
Oct 31, 2016 5:16:47 AM org.apache.catalina.core.StandardContext reload
INFO: Reloading Context with name [/hello] has started
Oct 31, 2016 5:16:47 AM org.apache.catalina.core.StandardContext reload
INFO: Reloading Context with name [/hello] is completed
Oct 31, 2016 5:18:38 AM org.apache.catalina.core.StandardContext reload
INFO: Reloading Context with name [/hello] has started
Oct 31, 2016 5:18:38 AM org.apache.catalina.core.StandardContext reload
INFO: Reloading Context with name [/hello] is completed
Oct 31, 2016 5:19:08 AM org.apache.catalina.core.StandardContext reload
INFO: Reloading Context with name [/hello] has started
Oct 31, 2016 5:19:08 AM org.apache.catalina.core.StandardContext reload
INFO: Reloading Context with name [/hello] is completed
Oct 31, 2016 5:20:28 AM org.apache.catalina.core.StandardContext reload
INFO: Reloading Context with name [/hello] has started
Oct 31, 2016 5:20:28 AM org.apache.catalina.core.StandardContext reload
INFO: Reloading Context with name [/hello] is completed
Oct 31, 2016 5:25:40 AM org.apache.catalina.core.StandardContext reload
INFO: Reloading Context with name [/hello] has started
Oct 31, 2016 5:25:40 AM org.apache.catalina.core.StandardContext reload
INFO: Reloading Context with name [/hello] is completed
Oct 31, 2016 5:32:31 AM org.apache.catalina.core.StandardContext reload
INFO: Reloading Context with name [/hello] has started
Oct 31, 2016 5:32:31 AM org.apache.catalina.core.StandardContext reload
INFO: Reloading Context with name [/hello] is completed
Oct 31, 2016 5:33:11 AM org.apache.catalina.core.StandardContext reload
INFO: Reloading Context with name [/hello] has started
Oct 31, 2016 5:33:11 AM org.apache.catalina.core.StandardContext reload
INFO: Reloading Context with name [/hello] is completed
Oct 31, 2016 5:34:01 AM org.apache.catalina.core.StandardContext reload
INFO: Reloading Context with name [/hello] has started
Oct 31, 2016 5:34:01 AM org.apache.catalina.core.StandardContext reload
INFO: Reloading Context with name [/hello] is completed
