Oct 29, 2016 5:49:15 PM org.apache.catalina.startup.VersionLoggerListener log
INFO: Server version:        Apache Tomcat/7.0.72
Oct 29, 2016 5:49:15 PM org.apache.catalina.startup.VersionLoggerListener log
INFO: Server built:          Sep 14 2016 12:12:26 UTC
Oct 29, 2016 5:49:15 PM org.apache.catalina.startup.VersionLoggerListener log
INFO: Server number:         7.0.72.0
Oct 29, 2016 5:49:15 PM org.apache.catalina.startup.VersionLoggerListener log
INFO: OS Name:               Windows 10
Oct 29, 2016 5:49:15 PM org.apache.catalina.startup.VersionLoggerListener log
INFO: OS Version:            10.0
Oct 29, 2016 5:49:15 PM org.apache.catalina.startup.VersionLoggerListener log
INFO: Architecture:          amd64
Oct 29, 2016 5:49:15 PM org.apache.catalina.startup.VersionLoggerListener log
INFO: Java Home:             C:\Program Files\Java\jdk1.8.0_101\jre
Oct 29, 2016 5:49:16 PM org.apache.catalina.startup.VersionLoggerListener log
INFO: JVM Version:           1.8.0_101-b13
Oct 29, 2016 5:49:16 PM org.apache.catalina.startup.VersionLoggerListener log
INFO: JVM Vendor:            Oracle Corporation
Oct 29, 2016 5:49:16 PM org.apache.catalina.startup.VersionLoggerListener log
INFO: CATALINA_BASE:         C:\Users\victo\Downloads\WebCrawler-JAVA-\sql\tomcat
Oct 29, 2016 5:49:16 PM org.apache.catalina.startup.VersionLoggerListener log
INFO: CATALINA_HOME:         C:\Users\victo\Downloads\WebCrawler-JAVA-\sql\tomcat
Oct 29, 2016 5:49:16 PM org.apache.catalina.startup.VersionLoggerListener log
INFO: Command line argument: -Djdk.tls.ephemeralDHKeySize=2048
Oct 29, 2016 5:49:16 PM org.apache.catalina.startup.VersionLoggerListener log
INFO: Command line argument: -Djava.util.logging.config.file=C:\Users\victo\Downloads\WebCrawler-JAVA-\sql\tomcat\conf\logging.properties
Oct 29, 2016 5:49:16 PM org.apache.catalina.startup.VersionLoggerListener log
INFO: Command line argument: -Djava.util.logging.manager=org.apache.juli.ClassLoaderLogManager
Oct 29, 2016 5:49:16 PM org.apache.catalina.startup.VersionLoggerListener log
INFO: Command line argument: -Djava.endorsed.dirs=C:\Users\victo\Downloads\WebCrawler-JAVA-\sql\tomcat\endorsed
Oct 29, 2016 5:49:16 PM org.apache.catalina.startup.VersionLoggerListener log
INFO: Command line argument: -Dcatalina.base=C:\Users\victo\Downloads\WebCrawler-JAVA-\sql\tomcat
Oct 29, 2016 5:49:16 PM org.apache.catalina.startup.VersionLoggerListener log
INFO: Command line argument: -Dcatalina.home=C:\Users\victo\Downloads\WebCrawler-JAVA-\sql\tomcat
Oct 29, 2016 5:49:16 PM org.apache.catalina.startup.VersionLoggerListener log
INFO: Command line argument: -Djava.io.tmpdir=C:\Users\victo\Downloads\WebCrawler-JAVA-\sql\tomcat\temp
Oct 29, 2016 5:49:16 PM org.apache.catalina.core.AprLifecycleListener lifecycleEvent
INFO: Loaded APR based Apache Tomcat Native library 1.2.8 using APR version 1.5.2.
Oct 29, 2016 5:49:16 PM org.apache.catalina.core.AprLifecycleListener lifecycleEvent
INFO: APR capabilities: IPv6 [true], sendfile [true], accept filters [false], random [true].
Oct 29, 2016 5:49:16 PM org.apache.catalina.core.AprLifecycleListener initializeSSL
INFO: OpenSSL successfully initialized (OpenSSL 1.0.2h  3 May 2016)
Oct 29, 2016 5:49:17 PM org.apache.coyote.AbstractProtocol init
INFO: Initializing ProtocolHandler ["http-apr-9999"]
Oct 29, 2016 5:49:17 PM org.apache.coyote.AbstractProtocol init
INFO: Initializing ProtocolHandler ["ajp-apr-8009"]
Oct 29, 2016 5:49:17 PM org.apache.catalina.startup.Catalina load
INFO: Initialization processed in 2041 ms
Oct 29, 2016 5:49:17 PM org.apache.catalina.core.StandardService startInternal
INFO: Starting service Catalina
Oct 29, 2016 5:49:17 PM org.apache.catalina.core.StandardEngine startInternal
INFO: Starting Servlet Engine: Apache Tomcat/7.0.72
Oct 29, 2016 5:49:17 PM org.apache.catalina.startup.HostConfig deployDirectory
INFO: Deploying web application directory C:\Users\victo\Downloads\WebCrawler-JAVA-\sql\tomcat\webapps\docs
Oct 29, 2016 5:49:17 PM org.apache.catalina.startup.HostConfig deployDirectory
INFO: Deployment of web application directory C:\Users\victo\Downloads\WebCrawler-JAVA-\sql\tomcat\webapps\docs has finished in 456 ms
Oct 29, 2016 5:49:17 PM org.apache.catalina.startup.HostConfig deployDirectory
INFO: Deploying web application directory C:\Users\victo\Downloads\WebCrawler-JAVA-\sql\tomcat\webapps\examples
Oct 29, 2016 5:49:19 PM org.apache.catalina.startup.HostConfig deployDirectory
INFO: Deployment of web application directory C:\Users\victo\Downloads\WebCrawler-JAVA-\sql\tomcat\webapps\examples has finished in 1,125 ms
Oct 29, 2016 5:49:19 PM org.apache.catalina.startup.HostConfig deployDirectory
INFO: Deploying web application directory C:\Users\victo\Downloads\WebCrawler-JAVA-\sql\tomcat\webapps\hello
Oct 29, 2016 5:49:19 PM org.apache.catalina.startup.HostConfig deployDirectory
INFO: Deployment of web application directory C:\Users\victo\Downloads\WebCrawler-JAVA-\sql\tomcat\webapps\hello has finished in 119 ms
Oct 29, 2016 5:49:19 PM org.apache.catalina.startup.HostConfig deployDirectory
INFO: Deploying web application directory C:\Users\victo\Downloads\WebCrawler-JAVA-\sql\tomcat\webapps\host-manager
Oct 29, 2016 5:49:19 PM org.apache.catalina.startup.HostConfig deployDirectory
INFO: Deployment of web application directory C:\Users\victo\Downloads\WebCrawler-JAVA-\sql\tomcat\webapps\host-manager has finished in 80 ms
Oct 29, 2016 5:49:19 PM org.apache.catalina.startup.HostConfig deployDirectory
INFO: Deploying web application directory C:\Users\victo\Downloads\WebCrawler-JAVA-\sql\tomcat\webapps\manager
Oct 29, 2016 5:49:19 PM org.apache.catalina.startup.HostConfig deployDirectory
INFO: Deployment of web application directory C:\Users\victo\Downloads\WebCrawler-JAVA-\sql\tomcat\webapps\manager has finished in 80 ms
Oct 29, 2016 5:49:19 PM org.apache.catalina.startup.HostConfig deployDirectory
INFO: Deploying web application directory C:\Users\victo\Downloads\WebCrawler-JAVA-\sql\tomcat\webapps\ROOT
Oct 29, 2016 5:49:19 PM org.apache.catalina.startup.HostConfig deployDirectory
INFO: Deployment of web application directory C:\Users\victo\Downloads\WebCrawler-JAVA-\sql\tomcat\webapps\ROOT has finished in 73 ms
Oct 29, 2016 5:49:19 PM org.apache.coyote.AbstractProtocol start
INFO: Starting ProtocolHandler ["http-apr-9999"]
Oct 29, 2016 5:49:19 PM org.apache.coyote.AbstractProtocol start
INFO: Starting ProtocolHandler ["ajp-apr-8009"]
Oct 29, 2016 5:49:19 PM org.apache.catalina.startup.Catalina start
INFO: Server startup in 2043 ms
Oct 29, 2016 10:34:38 PM org.apache.catalina.startup.VersionLoggerListener log
INFO: Server version:        Apache Tomcat/7.0.72
Oct 29, 2016 10:34:38 PM org.apache.catalina.startup.VersionLoggerListener log
INFO: Server built:          Sep 14 2016 12:12:26 UTC
Oct 29, 2016 10:34:38 PM org.apache.catalina.startup.VersionLoggerListener log
INFO: Server number:         7.0.72.0
Oct 29, 2016 10:34:38 PM org.apache.catalina.startup.VersionLoggerListener log
INFO: OS Name:               Windows 10
Oct 29, 2016 10:34:38 PM org.apache.catalina.startup.VersionLoggerListener log
INFO: OS Version:            10.0
Oct 29, 2016 10:34:38 PM org.apache.catalina.startup.VersionLoggerListener log
INFO: Architecture:          amd64
Oct 29, 2016 10:34:38 PM org.apache.catalina.startup.VersionLoggerListener log
INFO: Java Home:             C:\Program Files\Java\jdk1.8.0_101\jre
Oct 29, 2016 10:34:38 PM org.apache.catalina.startup.VersionLoggerListener log
INFO: JVM Version:           1.8.0_101-b13
Oct 29, 2016 10:34:38 PM org.apache.catalina.startup.VersionLoggerListener log
INFO: JVM Vendor:            Oracle Corporation
Oct 29, 2016 10:34:38 PM org.apache.catalina.startup.VersionLoggerListener log
INFO: CATALINA_BASE:         C:\Users\victo\Downloads\WebCrawler-JAVA-\sql\tomcat
Oct 29, 2016 10:34:38 PM org.apache.catalina.startup.VersionLoggerListener log
INFO: CATALINA_HOME:         C:\Users\victo\Downloads\WebCrawler-JAVA-\sql\tomcat
Oct 29, 2016 10:34:38 PM org.apache.catalina.startup.VersionLoggerListener log
INFO: Command line argument: -Djdk.tls.ephemeralDHKeySize=2048
Oct 29, 2016 10:34:38 PM org.apache.catalina.startup.VersionLoggerListener log
INFO: Command line argument: -Djava.util.logging.config.file=C:\Users\victo\Downloads\WebCrawler-JAVA-\sql\tomcat\conf\logging.properties
Oct 29, 2016 10:34:38 PM org.apache.catalina.startup.VersionLoggerListener log
INFO: Command line argument: -Djava.util.logging.manager=org.apache.juli.ClassLoaderLogManager
Oct 29, 2016 10:34:38 PM org.apache.catalina.startup.VersionLoggerListener log
INFO: Command line argument: -Djava.endorsed.dirs=C:\Users\victo\Downloads\WebCrawler-JAVA-\sql\tomcat\endorsed
Oct 29, 2016 10:34:38 PM org.apache.catalina.startup.VersionLoggerListener log
INFO: Command line argument: -Dcatalina.base=C:\Users\victo\Downloads\WebCrawler-JAVA-\sql\tomcat
Oct 29, 2016 10:34:38 PM org.apache.catalina.startup.VersionLoggerListener log
INFO: Command line argument: -Dcatalina.home=C:\Users\victo\Downloads\WebCrawler-JAVA-\sql\tomcat
Oct 29, 2016 10:34:38 PM org.apache.catalina.startup.VersionLoggerListener log
INFO: Command line argument: -Djava.io.tmpdir=C:\Users\victo\Downloads\WebCrawler-JAVA-\sql\tomcat\temp
Oct 29, 2016 10:34:38 PM org.apache.catalina.core.AprLifecycleListener lifecycleEvent
INFO: Loaded APR based Apache Tomcat Native library 1.2.8 using APR version 1.5.2.
Oct 29, 2016 10:34:38 PM org.apache.catalina.core.AprLifecycleListener lifecycleEvent
INFO: APR capabilities: IPv6 [true], sendfile [true], accept filters [false], random [true].
Oct 29, 2016 10:34:39 PM org.apache.catalina.core.AprLifecycleListener initializeSSL
INFO: OpenSSL successfully initialized (OpenSSL 1.0.2h  3 May 2016)
Oct 29, 2016 10:34:39 PM org.apache.coyote.AbstractProtocol init
INFO: Initializing ProtocolHandler ["http-apr-9999"]
Oct 29, 2016 10:34:39 PM org.apache.coyote.AbstractProtocol init
INFO: Initializing ProtocolHandler ["ajp-apr-8009"]
Oct 29, 2016 10:34:39 PM org.apache.catalina.startup.Catalina load
INFO: Initialization processed in 1480 ms
Oct 29, 2016 10:34:39 PM org.apache.catalina.core.StandardService startInternal
INFO: Starting service Catalina
Oct 29, 2016 10:34:39 PM org.apache.catalina.core.StandardEngine startInternal
INFO: Starting Servlet Engine: Apache Tomcat/7.0.72
Oct 29, 2016 10:34:39 PM org.apache.catalina.startup.HostConfig deployDirectory
INFO: Deploying web application directory C:\Users\victo\Downloads\WebCrawler-JAVA-\sql\tomcat\webapps\docs
Oct 29, 2016 10:34:39 PM org.apache.catalina.startup.HostConfig deployDirectory
INFO: Deployment of web application directory C:\Users\victo\Downloads\WebCrawler-JAVA-\sql\tomcat\webapps\docs has finished in 495 ms
Oct 29, 2016 10:34:39 PM org.apache.catalina.startup.HostConfig deployDirectory
INFO: Deploying web application directory C:\Users\victo\Downloads\WebCrawler-JAVA-\sql\tomcat\webapps\examples
Oct 29, 2016 10:34:40 PM org.apache.catalina.startup.HostConfig deployDirectory
INFO: Deployment of web application directory C:\Users\victo\Downloads\WebCrawler-JAVA-\sql\tomcat\webapps\examples has finished in 504 ms
Oct 29, 2016 10:34:40 PM org.apache.catalina.startup.HostConfig deployDirectory
INFO: Deploying web application directory C:\Users\victo\Downloads\WebCrawler-JAVA-\sql\tomcat\webapps\hello
Oct 29, 2016 10:34:40 PM org.apache.catalina.startup.HostConfig deployDirectory
INFO: Deployment of web application directory C:\Users\victo\Downloads\WebCrawler-JAVA-\sql\tomcat\webapps\hello has finished in 141 ms
Oct 29, 2016 10:34:40 PM org.apache.catalina.startup.HostConfig deployDirectory
INFO: Deploying web application directory C:\Users\victo\Downloads\WebCrawler-JAVA-\sql\tomcat\webapps\host-manager
Oct 29, 2016 10:34:40 PM org.apache.catalina.startup.HostConfig deployDirectory
INFO: Deployment of web application directory C:\Users\victo\Downloads\WebCrawler-JAVA-\sql\tomcat\webapps\host-manager has finished in 104 ms
Oct 29, 2016 10:34:40 PM org.apache.catalina.startup.HostConfig deployDirectory
INFO: Deploying web application directory C:\Users\victo\Downloads\WebCrawler-JAVA-\sql\tomcat\webapps\manager
Oct 29, 2016 10:34:40 PM org.apache.catalina.startup.HostConfig deployDirectory
INFO: Deployment of web application directory C:\Users\victo\Downloads\WebCrawler-JAVA-\sql\tomcat\webapps\manager has finished in 76 ms
Oct 29, 2016 10:34:40 PM org.apache.catalina.startup.HostConfig deployDirectory
INFO: Deploying web application directory C:\Users\victo\Downloads\WebCrawler-JAVA-\sql\tomcat\webapps\ROOT
Oct 29, 2016 10:34:40 PM org.apache.catalina.startup.HostConfig deployDirectory
INFO: Deployment of web application directory C:\Users\victo\Downloads\WebCrawler-JAVA-\sql\tomcat\webapps\ROOT has finished in 76 ms
Oct 29, 2016 10:34:40 PM org.apache.coyote.AbstractProtocol start
INFO: Starting ProtocolHandler ["http-apr-9999"]
Oct 29, 2016 10:34:40 PM org.apache.coyote.AbstractProtocol start
INFO: Starting ProtocolHandler ["ajp-apr-8009"]
Oct 29, 2016 10:34:40 PM org.apache.catalina.startup.Catalina start
INFO: Server startup in 1509 ms
