Oct 24, 2016 12:53:05 AM org.apache.catalina.startup.VersionLoggerListener log
INFO: Server version:        Apache Tomcat/7.0.72
Oct 24, 2016 12:53:05 AM org.apache.catalina.startup.VersionLoggerListener log
INFO: Server built:          Sep 14 2016 12:12:26 UTC
Oct 24, 2016 12:53:05 AM org.apache.catalina.startup.VersionLoggerListener log
INFO: Server number:         7.0.72.0
Oct 24, 2016 12:53:05 AM org.apache.catalina.startup.VersionLoggerListener log
INFO: OS Name:               Windows 10
Oct 24, 2016 12:53:05 AM org.apache.catalina.startup.VersionLoggerListener log
INFO: OS Version:            10.0
Oct 24, 2016 12:53:05 AM org.apache.catalina.startup.VersionLoggerListener log
INFO: Architecture:          amd64
Oct 24, 2016 12:53:05 AM org.apache.catalina.startup.VersionLoggerListener log
INFO: Java Home:             C:\Program Files\Java\jdk1.8.0_101\jre
Oct 24, 2016 12:53:05 AM org.apache.catalina.startup.VersionLoggerListener log
INFO: JVM Version:           1.8.0_101-b13
Oct 24, 2016 12:53:05 AM org.apache.catalina.startup.VersionLoggerListener log
INFO: JVM Vendor:            Oracle Corporation
Oct 24, 2016 12:53:05 AM org.apache.catalina.startup.VersionLoggerListener log
INFO: CATALINA_BASE:         C:\Users\victo\Desktop\sql\tomcat
Oct 24, 2016 12:53:05 AM org.apache.catalina.startup.VersionLoggerListener log
INFO: CATALINA_HOME:         C:\Users\victo\Desktop\sql\tomcat
Oct 24, 2016 12:53:05 AM org.apache.catalina.startup.VersionLoggerListener log
INFO: Command line argument: -Djdk.tls.ephemeralDHKeySize=2048
Oct 24, 2016 12:53:05 AM org.apache.catalina.startup.VersionLoggerListener log
INFO: Command line argument: -Djava.util.logging.config.file=C:\Users\victo\Desktop\sql\tomcat\conf\logging.properties
Oct 24, 2016 12:53:05 AM org.apache.catalina.startup.VersionLoggerListener log
INFO: Command line argument: -Djava.util.logging.manager=org.apache.juli.ClassLoaderLogManager
Oct 24, 2016 12:53:05 AM org.apache.catalina.startup.VersionLoggerListener log
INFO: Command line argument: -Djava.endorsed.dirs=C:\Users\victo\Desktop\sql\tomcat\endorsed
Oct 24, 2016 12:53:05 AM org.apache.catalina.startup.VersionLoggerListener log
INFO: Command line argument: -Dcatalina.base=C:\Users\victo\Desktop\sql\tomcat
Oct 24, 2016 12:53:05 AM org.apache.catalina.startup.VersionLoggerListener log
INFO: Command line argument: -Dcatalina.home=C:\Users\victo\Desktop\sql\tomcat
Oct 24, 2016 12:53:05 AM org.apache.catalina.startup.VersionLoggerListener log
INFO: Command line argument: -Djava.io.tmpdir=C:\Users\victo\Desktop\sql\tomcat\temp
Oct 24, 2016 12:53:05 AM org.apache.catalina.core.AprLifecycleListener lifecycleEvent
INFO: Loaded APR based Apache Tomcat Native library 1.2.8 using APR version 1.5.2.
Oct 24, 2016 12:53:05 AM org.apache.catalina.core.AprLifecycleListener lifecycleEvent
INFO: APR capabilities: IPv6 [true], sendfile [true], accept filters [false], random [true].
Oct 24, 2016 12:53:06 AM org.apache.catalina.core.AprLifecycleListener initializeSSL
INFO: OpenSSL successfully initialized (OpenSSL 1.0.2h  3 May 2016)
Oct 24, 2016 12:53:07 AM org.apache.coyote.AbstractProtocol init
INFO: Initializing ProtocolHandler ["http-apr-9999"]
Oct 24, 2016 12:53:07 AM org.apache.coyote.AbstractProtocol init
INFO: Initializing ProtocolHandler ["ajp-apr-8009"]
Oct 24, 2016 12:53:07 AM org.apache.catalina.startup.Catalina load
INFO: Initialization processed in 2053 ms
Oct 24, 2016 12:53:07 AM org.apache.catalina.core.StandardService startInternal
INFO: Starting service Catalina
Oct 24, 2016 12:53:07 AM org.apache.catalina.core.StandardEngine startInternal
INFO: Starting Servlet Engine: Apache Tomcat/7.0.72
Oct 24, 2016 12:53:07 AM org.apache.catalina.startup.HostConfig deployDirectory
INFO: Deploying web application directory C:\Users\victo\Desktop\sql\tomcat\webapps\docs
Oct 24, 2016 12:53:08 AM org.apache.catalina.util.SessionIdGeneratorBase createSecureRandom
INFO: Creation of SecureRandom instance for session ID generation using [SHA1PRNG] took [154] milliseconds.
Oct 24, 2016 12:53:08 AM org.apache.catalina.startup.HostConfig deployDirectory
INFO: Deployment of web application directory C:\Users\victo\Desktop\sql\tomcat\webapps\docs has finished in 983 ms
Oct 24, 2016 12:53:08 AM org.apache.catalina.startup.HostConfig deployDirectory
INFO: Deploying web application directory C:\Users\victo\Desktop\sql\tomcat\webapps\examples
Oct 24, 2016 12:53:09 AM org.apache.catalina.startup.HostConfig deployDirectory
INFO: Deployment of web application directory C:\Users\victo\Desktop\sql\tomcat\webapps\examples has finished in 1,151 ms
Oct 24, 2016 12:53:09 AM org.apache.catalina.startup.HostConfig deployDirectory
INFO: Deploying web application directory C:\Users\victo\Desktop\sql\tomcat\webapps\hello
Oct 24, 2016 12:53:09 AM org.apache.catalina.startup.HostConfig deployDirectory
INFO: Deployment of web application directory C:\Users\victo\Desktop\sql\tomcat\webapps\hello has finished in 143 ms
Oct 24, 2016 12:53:09 AM org.apache.catalina.startup.HostConfig deployDirectory
INFO: Deploying web application directory C:\Users\victo\Desktop\sql\tomcat\webapps\host-manager
Oct 24, 2016 12:53:09 AM org.apache.catalina.startup.HostConfig deployDirectory
INFO: Deployment of web application directory C:\Users\victo\Desktop\sql\tomcat\webapps\host-manager has finished in 89 ms
Oct 24, 2016 12:53:09 AM org.apache.catalina.startup.HostConfig deployDirectory
INFO: Deploying web application directory C:\Users\victo\Desktop\sql\tomcat\webapps\manager
Oct 24, 2016 12:53:09 AM org.apache.catalina.startup.HostConfig deployDirectory
INFO: Deployment of web application directory C:\Users\victo\Desktop\sql\tomcat\webapps\manager has finished in 74 ms
Oct 24, 2016 12:53:09 AM org.apache.catalina.startup.HostConfig deployDirectory
INFO: Deploying web application directory C:\Users\victo\Desktop\sql\tomcat\webapps\ROOT
Oct 24, 2016 12:53:09 AM org.apache.catalina.startup.HostConfig deployDirectory
INFO: Deployment of web application directory C:\Users\victo\Desktop\sql\tomcat\webapps\ROOT has finished in 74 ms
Oct 24, 2016 12:53:09 AM org.apache.coyote.AbstractProtocol start
INFO: Starting ProtocolHandler ["http-apr-9999"]
Oct 24, 2016 12:53:09 AM org.apache.coyote.AbstractProtocol start
INFO: Starting ProtocolHandler ["ajp-apr-8009"]
Oct 24, 2016 12:53:09 AM org.apache.catalina.startup.Catalina start
INFO: Server startup in 2666 ms
Oct 24, 2016 12:53:24 AM org.apache.catalina.core.StandardServer await
WARNING: StandardServer.await: Invalid command 'GET / HTTP/1.1' received
Oct 24, 2016 12:53:25 AM org.apache.catalina.core.StandardServer await
WARNING: StandardServer.await: Invalid command 'GET / HTTP/1.1' received
Oct 24, 2016 12:53:25 AM org.apache.catalina.core.StandardServer await
WARNING: StandardServer.await: Invalid command 'GET / HTTP/1.1' received
Oct 24, 2016 12:53:26 AM org.apache.catalina.core.StandardServer await
WARNING: StandardServer.await: Invalid command 'GET / HTTP/1.1' received
Oct 24, 2016 12:53:27 AM org.apache.catalina.core.StandardServer await
WARNING: StandardServer.await: Invalid command 'GET / HTTP/1.1' received
Oct 24, 2016 12:53:27 AM org.apache.catalina.core.StandardServer await
WARNING: StandardServer.await: Invalid command 'GET / HTTP/1.1' received
Oct 24, 2016 12:53:27 AM org.apache.catalina.core.StandardServer await
WARNING: StandardServer.await: Invalid command 'GET / HTTP/1.1' received
Oct 24, 2016 12:53:37 AM org.apache.catalina.core.StandardServer await
WARNING: StandardServer.await: read: 
java.net.SocketTimeoutException: Read timed out
	at java.net.SocketInputStream.socketRead0(Native Method)
	at java.net.SocketInputStream.socketRead(SocketInputStream.java:116)
	at java.net.SocketInputStream.read(SocketInputStream.java:170)
	at java.net.SocketInputStream.read(SocketInputStream.java:141)
	at java.net.SocketInputStream.read(SocketInputStream.java:223)
	at org.apache.catalina.core.StandardServer.await(StandardServer.java:502)
	at org.apache.catalina.startup.Catalina.await(Catalina.java:781)
	at org.apache.catalina.startup.Catalina.start(Catalina.java:727)
	at sun.reflect.NativeMethodAccessorImpl.invoke0(Native Method)
	at sun.reflect.NativeMethodAccessorImpl.invoke(NativeMethodAccessorImpl.java:62)
	at sun.reflect.DelegatingMethodAccessorImpl.invoke(DelegatingMethodAccessorImpl.java:43)
	at java.lang.reflect.Method.invoke(Method.java:498)
	at org.apache.catalina.startup.Bootstrap.start(Bootstrap.java:294)
	at org.apache.catalina.startup.Bootstrap.main(Bootstrap.java:428)

Oct 24, 2016 12:53:37 AM org.apache.catalina.core.StandardServer await
WARNING: StandardServer.await: Invalid command '' received
Oct 24, 2016 12:53:43 AM org.apache.catalina.core.StandardServer await
WARNING: StandardServer.await: Invalid command 'GET /hello HTTP/1.1' received
Oct 24, 2016 12:53:48 AM org.apache.coyote.AbstractProtocol pause
INFO: Pausing ProtocolHandler ["http-apr-9999"]
Oct 24, 2016 12:53:48 AM org.apache.coyote.AbstractProtocol pause
INFO: Pausing ProtocolHandler ["ajp-apr-8009"]
Oct 24, 2016 12:53:48 AM org.apache.catalina.core.StandardService stopInternal
INFO: Stopping service Catalina
Oct 24, 2016 12:53:48 AM org.apache.coyote.AbstractProtocol stop
INFO: Stopping ProtocolHandler ["http-apr-9999"]
Oct 24, 2016 12:53:48 AM org.apache.coyote.AbstractProtocol stop
INFO: Stopping ProtocolHandler ["ajp-apr-8009"]
Oct 24, 2016 12:53:49 AM org.apache.coyote.AbstractProtocol destroy
INFO: Destroying ProtocolHandler ["http-apr-9999"]
Oct 24, 2016 12:53:49 AM org.apache.coyote.AbstractProtocol destroy
INFO: Destroying ProtocolHandler ["ajp-apr-8009"]
Oct 24, 2016 12:54:04 AM org.apache.catalina.startup.VersionLoggerListener log
INFO: Server version:        Apache Tomcat/7.0.72
Oct 24, 2016 12:54:04 AM org.apache.catalina.startup.VersionLoggerListener log
INFO: Server built:          Sep 14 2016 12:12:26 UTC
Oct 24, 2016 12:54:04 AM org.apache.catalina.startup.VersionLoggerListener log
INFO: Server number:         7.0.72.0
Oct 24, 2016 12:54:04 AM org.apache.catalina.startup.VersionLoggerListener log
INFO: OS Name:               Windows 10
Oct 24, 2016 12:54:04 AM org.apache.catalina.startup.VersionLoggerListener log
INFO: OS Version:            10.0
Oct 24, 2016 12:54:04 AM org.apache.catalina.startup.VersionLoggerListener log
INFO: Architecture:          amd64
Oct 24, 2016 12:54:04 AM org.apache.catalina.startup.VersionLoggerListener log
INFO: Java Home:             C:\Program Files\Java\jdk1.8.0_101\jre
Oct 24, 2016 12:54:04 AM org.apache.catalina.startup.VersionLoggerListener log
INFO: JVM Version:           1.8.0_101-b13
Oct 24, 2016 12:54:04 AM org.apache.catalina.startup.VersionLoggerListener log
INFO: JVM Vendor:            Oracle Corporation
Oct 24, 2016 12:54:04 AM org.apache.catalina.startup.VersionLoggerListener log
INFO: CATALINA_BASE:         C:\Users\victo\Desktop\sql\tomcat
Oct 24, 2016 12:54:04 AM org.apache.catalina.startup.VersionLoggerListener log
INFO: CATALINA_HOME:         C:\Users\victo\Desktop\sql\tomcat
Oct 24, 2016 12:54:04 AM org.apache.catalina.startup.VersionLoggerListener log
INFO: Command line argument: -Djdk.tls.ephemeralDHKeySize=2048
Oct 24, 2016 12:54:04 AM org.apache.catalina.startup.VersionLoggerListener log
INFO: Command line argument: -Djava.util.logging.config.file=C:\Users\victo\Desktop\sql\tomcat\conf\logging.properties
Oct 24, 2016 12:54:04 AM org.apache.catalina.startup.VersionLoggerListener log
INFO: Command line argument: -Djava.util.logging.manager=org.apache.juli.ClassLoaderLogManager
Oct 24, 2016 12:54:04 AM org.apache.catalina.startup.VersionLoggerListener log
INFO: Command line argument: -Djava.endorsed.dirs=C:\Users\victo\Desktop\sql\tomcat\endorsed
Oct 24, 2016 12:54:04 AM org.apache.catalina.startup.VersionLoggerListener log
INFO: Command line argument: -Dcatalina.base=C:\Users\victo\Desktop\sql\tomcat
Oct 24, 2016 12:54:04 AM org.apache.catalina.startup.VersionLoggerListener log
INFO: Command line argument: -Dcatalina.home=C:\Users\victo\Desktop\sql\tomcat
Oct 24, 2016 12:54:04 AM org.apache.catalina.startup.VersionLoggerListener log
INFO: Command line argument: -Djava.io.tmpdir=C:\Users\victo\Desktop\sql\tomcat\temp
Oct 24, 2016 12:54:04 AM org.apache.catalina.core.AprLifecycleListener lifecycleEvent
INFO: Loaded APR based Apache Tomcat Native library 1.2.8 using APR version 1.5.2.
Oct 24, 2016 12:54:04 AM org.apache.catalina.core.AprLifecycleListener lifecycleEvent
INFO: APR capabilities: IPv6 [true], sendfile [true], accept filters [false], random [true].
Oct 24, 2016 12:54:05 AM org.apache.catalina.core.AprLifecycleListener initializeSSL
INFO: OpenSSL successfully initialized (OpenSSL 1.0.2h  3 May 2016)
Oct 24, 2016 12:54:05 AM org.apache.coyote.AbstractProtocol init
INFO: Initializing ProtocolHandler ["http-apr-9999"]
Oct 24, 2016 12:54:05 AM org.apache.coyote.AbstractProtocol init
INFO: Initializing ProtocolHandler ["ajp-apr-8009"]
Oct 24, 2016 12:54:05 AM org.apache.catalina.startup.Catalina load
INFO: Initialization processed in 1552 ms
Oct 24, 2016 12:54:05 AM org.apache.catalina.core.StandardService startInternal
INFO: Starting service Catalina
Oct 24, 2016 12:54:05 AM org.apache.catalina.core.StandardEngine startInternal
INFO: Starting Servlet Engine: Apache Tomcat/7.0.72
Oct 24, 2016 12:54:05 AM org.apache.catalina.startup.HostConfig deployDirectory
INFO: Deploying web application directory C:\Users\victo\Desktop\sql\tomcat\webapps\docs
Oct 24, 2016 12:54:06 AM org.apache.catalina.startup.HostConfig deployDirectory
INFO: Deployment of web application directory C:\Users\victo\Desktop\sql\tomcat\webapps\docs has finished in 478 ms
Oct 24, 2016 12:54:06 AM org.apache.catalina.startup.HostConfig deployDirectory
INFO: Deploying web application directory C:\Users\victo\Desktop\sql\tomcat\webapps\examples
Oct 24, 2016 12:54:06 AM org.apache.catalina.startup.HostConfig deployDirectory
INFO: Deployment of web application directory C:\Users\victo\Desktop\sql\tomcat\webapps\examples has finished in 474 ms
Oct 24, 2016 12:54:06 AM org.apache.catalina.startup.HostConfig deployDirectory
INFO: Deploying web application directory C:\Users\victo\Desktop\sql\tomcat\webapps\hello
Oct 24, 2016 12:54:06 AM org.apache.catalina.startup.HostConfig deployDirectory
INFO: Deployment of web application directory C:\Users\victo\Desktop\sql\tomcat\webapps\hello has finished in 142 ms
Oct 24, 2016 12:54:06 AM org.apache.catalina.startup.HostConfig deployDirectory
INFO: Deploying web application directory C:\Users\victo\Desktop\sql\tomcat\webapps\host-manager
Oct 24, 2016 12:54:06 AM org.apache.catalina.startup.HostConfig deployDirectory
INFO: Deployment of web application directory C:\Users\victo\Desktop\sql\tomcat\webapps\host-manager has finished in 78 ms
Oct 24, 2016 12:54:06 AM org.apache.catalina.startup.HostConfig deployDirectory
INFO: Deploying web application directory C:\Users\victo\Desktop\sql\tomcat\webapps\manager
Oct 24, 2016 12:54:06 AM org.apache.catalina.startup.HostConfig deployDirectory
INFO: Deployment of web application directory C:\Users\victo\Desktop\sql\tomcat\webapps\manager has finished in 64 ms
Oct 24, 2016 12:54:06 AM org.apache.catalina.startup.HostConfig deployDirectory
INFO: Deploying web application directory C:\Users\victo\Desktop\sql\tomcat\webapps\ROOT
Oct 24, 2016 12:54:06 AM org.apache.catalina.startup.HostConfig deployDirectory
INFO: Deployment of web application directory C:\Users\victo\Desktop\sql\tomcat\webapps\ROOT has finished in 88 ms
Oct 24, 2016 12:54:06 AM org.apache.coyote.AbstractProtocol start
INFO: Starting ProtocolHandler ["http-apr-9999"]
Oct 24, 2016 12:54:06 AM org.apache.coyote.AbstractProtocol start
INFO: Starting ProtocolHandler ["ajp-apr-8009"]
Oct 24, 2016 12:54:06 AM org.apache.catalina.startup.Catalina start
INFO: Server startup in 1421 ms
Oct 24, 2016 1:25:19 AM org.apache.catalina.core.StandardContext reload
INFO: Reloading Context with name [/hello] has started
Oct 24, 2016 1:25:19 AM org.apache.catalina.core.StandardContext reload
INFO: Reloading Context with name [/hello] is completed
Oct 24, 2016 1:25:39 AM org.apache.catalina.core.StandardContext reload
INFO: Reloading Context with name [/hello] has started
Oct 24, 2016 1:25:39 AM org.apache.catalina.core.StandardContext reload
INFO: Reloading Context with name [/hello] is completed
Oct 24, 2016 1:33:09 AM org.apache.catalina.core.StandardContext reload
INFO: Reloading Context with name [/hello] has started
Oct 24, 2016 1:33:10 AM org.apache.catalina.core.StandardContext reload
INFO: Reloading Context with name [/hello] is completed
Oct 24, 2016 1:34:00 AM org.apache.catalina.core.StandardContext reload
INFO: Reloading Context with name [/hello] has started
Oct 24, 2016 1:34:00 AM org.apache.catalina.core.StandardContext reload
INFO: Reloading Context with name [/hello] is completed
Oct 24, 2016 1:35:34 AM org.apache.coyote.AbstractProtocol pause
INFO: Pausing ProtocolHandler ["http-apr-9999"]
Oct 24, 2016 1:35:34 AM org.apache.coyote.AbstractProtocol pause
INFO: Pausing ProtocolHandler ["ajp-apr-8009"]
Oct 24, 2016 1:35:34 AM org.apache.catalina.core.StandardService stopInternal
INFO: Stopping service Catalina
Oct 24, 2016 1:35:34 AM org.apache.coyote.AbstractProtocol stop
INFO: Stopping ProtocolHandler ["http-apr-9999"]
Oct 24, 2016 1:35:34 AM org.apache.coyote.AbstractProtocol stop
INFO: Stopping ProtocolHandler ["ajp-apr-8009"]
Oct 24, 2016 1:35:34 AM org.apache.coyote.AbstractProtocol destroy
INFO: Destroying ProtocolHandler ["http-apr-9999"]
Oct 24, 2016 1:35:34 AM org.apache.coyote.AbstractProtocol destroy
INFO: Destroying ProtocolHandler ["ajp-apr-8009"]
Oct 24, 2016 1:35:57 AM org.apache.catalina.startup.VersionLoggerListener log
INFO: Server version:        Apache Tomcat/7.0.72
Oct 24, 2016 1:35:57 AM org.apache.catalina.startup.VersionLoggerListener log
INFO: Server built:          Sep 14 2016 12:12:26 UTC
Oct 24, 2016 1:35:57 AM org.apache.catalina.startup.VersionLoggerListener log
INFO: Server number:         7.0.72.0
Oct 24, 2016 1:35:57 AM org.apache.catalina.startup.VersionLoggerListener log
INFO: OS Name:               Windows 10
Oct 24, 2016 1:35:57 AM org.apache.catalina.startup.VersionLoggerListener log
INFO: OS Version:            10.0
Oct 24, 2016 1:35:57 AM org.apache.catalina.startup.VersionLoggerListener log
INFO: Architecture:          amd64
Oct 24, 2016 1:35:57 AM org.apache.catalina.startup.VersionLoggerListener log
INFO: Java Home:             C:\Program Files\Java\jdk1.8.0_101\jre
Oct 24, 2016 1:35:57 AM org.apache.catalina.startup.VersionLoggerListener log
INFO: JVM Version:           1.8.0_101-b13
Oct 24, 2016 1:35:57 AM org.apache.catalina.startup.VersionLoggerListener log
INFO: JVM Vendor:            Oracle Corporation
Oct 24, 2016 1:35:57 AM org.apache.catalina.startup.VersionLoggerListener log
INFO: CATALINA_BASE:         C:\Users\victo\Desktop\sql\tomcat
Oct 24, 2016 1:35:57 AM org.apache.catalina.startup.VersionLoggerListener log
INFO: CATALINA_HOME:         C:\Users\victo\Desktop\sql\tomcat
Oct 24, 2016 1:35:57 AM org.apache.catalina.startup.VersionLoggerListener log
INFO: Command line argument: -Djdk.tls.ephemeralDHKeySize=2048
Oct 24, 2016 1:35:57 AM org.apache.catalina.startup.VersionLoggerListener log
INFO: Command line argument: -Djava.util.logging.config.file=C:\Users\victo\Desktop\sql\tomcat\conf\logging.properties
Oct 24, 2016 1:35:57 AM org.apache.catalina.startup.VersionLoggerListener log
INFO: Command line argument: -Djava.util.logging.manager=org.apache.juli.ClassLoaderLogManager
Oct 24, 2016 1:35:57 AM org.apache.catalina.startup.VersionLoggerListener log
INFO: Command line argument: -Djava.endorsed.dirs=C:\Users\victo\Desktop\sql\tomcat\endorsed
Oct 24, 2016 1:35:57 AM org.apache.catalina.startup.VersionLoggerListener log
INFO: Command line argument: -Dcatalina.base=C:\Users\victo\Desktop\sql\tomcat
Oct 24, 2016 1:35:57 AM org.apache.catalina.startup.VersionLoggerListener log
INFO: Command line argument: -Dcatalina.home=C:\Users\victo\Desktop\sql\tomcat
Oct 24, 2016 1:35:57 AM org.apache.catalina.startup.VersionLoggerListener log
INFO: Command line argument: -Djava.io.tmpdir=C:\Users\victo\Desktop\sql\tomcat\temp
Oct 24, 2016 1:35:57 AM org.apache.catalina.core.AprLifecycleListener lifecycleEvent
INFO: Loaded APR based Apache Tomcat Native library 1.2.8 using APR version 1.5.2.
Oct 24, 2016 1:35:57 AM org.apache.catalina.core.AprLifecycleListener lifecycleEvent
INFO: APR capabilities: IPv6 [true], sendfile [true], accept filters [false], random [true].
Oct 24, 2016 1:35:58 AM org.apache.catalina.core.AprLifecycleListener initializeSSL
INFO: OpenSSL successfully initialized (OpenSSL 1.0.2h  3 May 2016)
Oct 24, 2016 1:35:58 AM org.apache.coyote.AbstractProtocol init
INFO: Initializing ProtocolHandler ["http-apr-9999"]
Oct 24, 2016 1:35:58 AM org.apache.coyote.AbstractProtocol init
INFO: Initializing ProtocolHandler ["ajp-apr-8009"]
Oct 24, 2016 1:35:58 AM org.apache.catalina.startup.Catalina load
INFO: Initialization processed in 1578 ms
Oct 24, 2016 1:35:58 AM org.apache.catalina.core.StandardService startInternal
INFO: Starting service Catalina
Oct 24, 2016 1:35:58 AM org.apache.catalina.core.StandardEngine startInternal
INFO: Starting Servlet Engine: Apache Tomcat/7.0.72
Oct 24, 2016 1:35:58 AM org.apache.catalina.startup.HostConfig deployDirectory
INFO: Deploying web application directory C:\Users\victo\Desktop\sql\tomcat\webapps\docs
Oct 24, 2016 1:35:59 AM org.apache.catalina.startup.HostConfig deployDirectory
INFO: Deployment of web application directory C:\Users\victo\Desktop\sql\tomcat\webapps\docs has finished in 512 ms
Oct 24, 2016 1:35:59 AM org.apache.catalina.startup.HostConfig deployDirectory
INFO: Deploying web application directory C:\Users\victo\Desktop\sql\tomcat\webapps\examples
Oct 24, 2016 1:35:59 AM org.apache.catalina.startup.HostConfig deployDirectory
INFO: Deployment of web application directory C:\Users\victo\Desktop\sql\tomcat\webapps\examples has finished in 586 ms
Oct 24, 2016 1:35:59 AM org.apache.catalina.startup.HostConfig deployDirectory
INFO: Deploying web application directory C:\Users\victo\Desktop\sql\tomcat\webapps\hello
Oct 24, 2016 1:36:00 AM org.apache.catalina.startup.HostConfig deployDirectory
INFO: Deployment of web application directory C:\Users\victo\Desktop\sql\tomcat\webapps\hello has finished in 154 ms
Oct 24, 2016 1:36:00 AM org.apache.catalina.startup.HostConfig deployDirectory
INFO: Deploying web application directory C:\Users\victo\Desktop\sql\tomcat\webapps\host-manager
Oct 24, 2016 1:36:00 AM org.apache.catalina.startup.HostConfig deployDirectory
INFO: Deployment of web application directory C:\Users\victo\Desktop\sql\tomcat\webapps\host-manager has finished in 120 ms
Oct 24, 2016 1:36:00 AM org.apache.catalina.startup.HostConfig deployDirectory
INFO: Deploying web application directory C:\Users\victo\Desktop\sql\tomcat\webapps\manager
Oct 24, 2016 1:36:00 AM org.apache.catalina.startup.HostConfig deployDirectory
INFO: Deployment of web application directory C:\Users\victo\Desktop\sql\tomcat\webapps\manager has finished in 110 ms
Oct 24, 2016 1:36:00 AM org.apache.catalina.startup.HostConfig deployDirectory
INFO: Deploying web application directory C:\Users\victo\Desktop\sql\tomcat\webapps\ROOT
Oct 24, 2016 1:36:00 AM org.apache.catalina.startup.HostConfig deployDirectory
INFO: Deployment of web application directory C:\Users\victo\Desktop\sql\tomcat\webapps\ROOT has finished in 82 ms
Oct 24, 2016 1:36:00 AM org.apache.coyote.AbstractProtocol start
INFO: Starting ProtocolHandler ["http-apr-9999"]
Oct 24, 2016 1:36:00 AM org.apache.coyote.AbstractProtocol start
INFO: Starting ProtocolHandler ["ajp-apr-8009"]
Oct 24, 2016 1:36:00 AM org.apache.catalina.startup.Catalina start
INFO: Server startup in 1679 ms
Oct 24, 2016 1:41:29 AM org.apache.coyote.AbstractProtocol pause
INFO: Pausing ProtocolHandler ["http-apr-9999"]
Oct 24, 2016 1:41:29 AM org.apache.coyote.AbstractProtocol pause
INFO: Pausing ProtocolHandler ["ajp-apr-8009"]
Oct 24, 2016 1:41:29 AM org.apache.catalina.core.StandardService stopInternal
INFO: Stopping service Catalina
Oct 24, 2016 1:41:29 AM org.apache.coyote.AbstractProtocol stop
INFO: Stopping ProtocolHandler ["http-apr-9999"]
Oct 24, 2016 1:41:29 AM org.apache.coyote.AbstractProtocol stop
INFO: Stopping ProtocolHandler ["ajp-apr-8009"]
Oct 24, 2016 1:41:29 AM org.apache.coyote.AbstractProtocol destroy
INFO: Destroying ProtocolHandler ["http-apr-9999"]
Oct 24, 2016 1:41:29 AM org.apache.coyote.AbstractProtocol destroy
INFO: Destroying ProtocolHandler ["ajp-apr-8009"]
Oct 24, 2016 1:41:48 AM org.apache.catalina.startup.VersionLoggerListener log
INFO: Server version:        Apache Tomcat/7.0.72
Oct 24, 2016 1:41:48 AM org.apache.catalina.startup.VersionLoggerListener log
INFO: Server built:          Sep 14 2016 12:12:26 UTC
Oct 24, 2016 1:41:48 AM org.apache.catalina.startup.VersionLoggerListener log
INFO: Server number:         7.0.72.0
Oct 24, 2016 1:41:48 AM org.apache.catalina.startup.VersionLoggerListener log
INFO: OS Name:               Windows 10
Oct 24, 2016 1:41:48 AM org.apache.catalina.startup.VersionLoggerListener log
INFO: OS Version:            10.0
Oct 24, 2016 1:41:48 AM org.apache.catalina.startup.VersionLoggerListener log
INFO: Architecture:          amd64
Oct 24, 2016 1:41:48 AM org.apache.catalina.startup.VersionLoggerListener log
INFO: Java Home:             C:\Program Files\Java\jdk1.8.0_101\jre
Oct 24, 2016 1:41:48 AM org.apache.catalina.startup.VersionLoggerListener log
INFO: JVM Version:           1.8.0_101-b13
Oct 24, 2016 1:41:48 AM org.apache.catalina.startup.VersionLoggerListener log
INFO: JVM Vendor:            Oracle Corporation
Oct 24, 2016 1:41:48 AM org.apache.catalina.startup.VersionLoggerListener log
INFO: CATALINA_BASE:         C:\Users\victo\Desktop\sql\tomcat
Oct 24, 2016 1:41:48 AM org.apache.catalina.startup.VersionLoggerListener log
INFO: CATALINA_HOME:         C:\Users\victo\Desktop\sql\tomcat
Oct 24, 2016 1:41:48 AM org.apache.catalina.startup.VersionLoggerListener log
INFO: Command line argument: -Djdk.tls.ephemeralDHKeySize=2048
Oct 24, 2016 1:41:48 AM org.apache.catalina.startup.VersionLoggerListener log
INFO: Command line argument: -Djava.util.logging.config.file=C:\Users\victo\Desktop\sql\tomcat\conf\logging.properties
Oct 24, 2016 1:41:48 AM org.apache.catalina.startup.VersionLoggerListener log
INFO: Command line argument: -Djava.util.logging.manager=org.apache.juli.ClassLoaderLogManager
Oct 24, 2016 1:41:48 AM org.apache.catalina.startup.VersionLoggerListener log
INFO: Command line argument: -Djava.endorsed.dirs=C:\Users\victo\Desktop\sql\tomcat\endorsed
Oct 24, 2016 1:41:48 AM org.apache.catalina.startup.VersionLoggerListener log
INFO: Command line argument: -Dcatalina.base=C:\Users\victo\Desktop\sql\tomcat
Oct 24, 2016 1:41:48 AM org.apache.catalina.startup.VersionLoggerListener log
INFO: Command line argument: -Dcatalina.home=C:\Users\victo\Desktop\sql\tomcat
Oct 24, 2016 1:41:48 AM org.apache.catalina.startup.VersionLoggerListener log
INFO: Command line argument: -Djava.io.tmpdir=C:\Users\victo\Desktop\sql\tomcat\temp
Oct 24, 2016 1:41:48 AM org.apache.catalina.core.AprLifecycleListener lifecycleEvent
INFO: Loaded APR based Apache Tomcat Native library 1.2.8 using APR version 1.5.2.
Oct 24, 2016 1:41:48 AM org.apache.catalina.core.AprLifecycleListener lifecycleEvent
INFO: APR capabilities: IPv6 [true], sendfile [true], accept filters [false], random [true].
Oct 24, 2016 1:41:49 AM org.apache.catalina.core.AprLifecycleListener initializeSSL
INFO: OpenSSL successfully initialized (OpenSSL 1.0.2h  3 May 2016)
Oct 24, 2016 1:41:49 AM org.apache.coyote.AbstractProtocol init
INFO: Initializing ProtocolHandler ["http-apr-9999"]
Oct 24, 2016 1:41:49 AM org.apache.coyote.AbstractProtocol init
INFO: Initializing ProtocolHandler ["ajp-apr-8009"]
Oct 24, 2016 1:41:49 AM org.apache.catalina.startup.Catalina load
INFO: Initialization processed in 1662 ms
Oct 24, 2016 1:41:49 AM org.apache.catalina.core.StandardService startInternal
INFO: Starting service Catalina
Oct 24, 2016 1:41:49 AM org.apache.catalina.core.StandardEngine startInternal
INFO: Starting Servlet Engine: Apache Tomcat/7.0.72
Oct 24, 2016 1:41:49 AM org.apache.catalina.startup.HostConfig deployDirectory
INFO: Deploying web application directory C:\Users\victo\Desktop\sql\tomcat\webapps\docs
Oct 24, 2016 1:41:49 AM org.apache.catalina.startup.HostConfig deployDirectory
INFO: Deployment of web application directory C:\Users\victo\Desktop\sql\tomcat\webapps\docs has finished in 503 ms
Oct 24, 2016 1:41:49 AM org.apache.catalina.startup.HostConfig deployDirectory
INFO: Deploying web application directory C:\Users\victo\Desktop\sql\tomcat\webapps\examples
Oct 24, 2016 1:41:50 AM org.apache.catalina.startup.HostConfig deployDirectory
INFO: Deployment of web application directory C:\Users\victo\Desktop\sql\tomcat\webapps\examples has finished in 474 ms
Oct 24, 2016 1:41:50 AM org.apache.catalina.startup.HostConfig deployDirectory
INFO: Deploying web application directory C:\Users\victo\Desktop\sql\tomcat\webapps\hello
Oct 24, 2016 1:41:50 AM org.apache.catalina.startup.HostConfig deployDirectory
INFO: Deployment of web application directory C:\Users\victo\Desktop\sql\tomcat\webapps\hello has finished in 133 ms
Oct 24, 2016 1:41:50 AM org.apache.catalina.startup.HostConfig deployDirectory
INFO: Deploying web application directory C:\Users\victo\Desktop\sql\tomcat\webapps\host-manager
Oct 24, 2016 1:41:50 AM org.apache.catalina.startup.HostConfig deployDirectory
INFO: Deployment of web application directory C:\Users\victo\Desktop\sql\tomcat\webapps\host-manager has finished in 67 ms
Oct 24, 2016 1:41:50 AM org.apache.catalina.startup.HostConfig deployDirectory
INFO: Deploying web application directory C:\Users\victo\Desktop\sql\tomcat\webapps\manager
Oct 24, 2016 1:41:50 AM org.apache.catalina.startup.HostConfig deployDirectory
INFO: Deployment of web application directory C:\Users\victo\Desktop\sql\tomcat\webapps\manager has finished in 61 ms
Oct 24, 2016 1:41:50 AM org.apache.catalina.startup.HostConfig deployDirectory
INFO: Deploying web application directory C:\Users\victo\Desktop\sql\tomcat\webapps\ROOT
Oct 24, 2016 1:41:50 AM org.apache.catalina.startup.HostConfig deployDirectory
INFO: Deployment of web application directory C:\Users\victo\Desktop\sql\tomcat\webapps\ROOT has finished in 65 ms
Oct 24, 2016 1:41:50 AM org.apache.coyote.AbstractProtocol start
INFO: Starting ProtocolHandler ["http-apr-9999"]
Oct 24, 2016 1:41:50 AM org.apache.coyote.AbstractProtocol start
INFO: Starting ProtocolHandler ["ajp-apr-8009"]
Oct 24, 2016 1:41:50 AM org.apache.catalina.startup.Catalina start
INFO: Server startup in 1402 ms
Oct 24, 2016 1:42:00 AM org.apache.coyote.AbstractProtocol pause
INFO: Pausing ProtocolHandler ["http-apr-9999"]
Oct 24, 2016 1:42:00 AM org.apache.coyote.AbstractProtocol pause
INFO: Pausing ProtocolHandler ["ajp-apr-8009"]
Oct 24, 2016 1:42:00 AM org.apache.catalina.core.StandardService stopInternal
INFO: Stopping service Catalina
Oct 24, 2016 1:42:00 AM org.apache.coyote.AbstractProtocol stop
INFO: Stopping ProtocolHandler ["http-apr-9999"]
Oct 24, 2016 1:42:00 AM org.apache.coyote.AbstractProtocol stop
INFO: Stopping ProtocolHandler ["ajp-apr-8009"]
Oct 24, 2016 1:42:00 AM org.apache.coyote.AbstractProtocol destroy
INFO: Destroying ProtocolHandler ["http-apr-9999"]
Oct 24, 2016 1:42:00 AM org.apache.coyote.AbstractProtocol destroy
INFO: Destroying ProtocolHandler ["ajp-apr-8009"]
Oct 24, 2016 1:42:04 AM org.apache.catalina.startup.VersionLoggerListener log
INFO: Server version:        Apache Tomcat/7.0.72
Oct 24, 2016 1:42:04 AM org.apache.catalina.startup.VersionLoggerListener log
INFO: Server built:          Sep 14 2016 12:12:26 UTC
Oct 24, 2016 1:42:04 AM org.apache.catalina.startup.VersionLoggerListener log
INFO: Server number:         7.0.72.0
Oct 24, 2016 1:42:04 AM org.apache.catalina.startup.VersionLoggerListener log
INFO: OS Name:               Windows 10
Oct 24, 2016 1:42:04 AM org.apache.catalina.startup.VersionLoggerListener log
INFO: OS Version:            10.0
Oct 24, 2016 1:42:04 AM org.apache.catalina.startup.VersionLoggerListener log
INFO: Architecture:          amd64
Oct 24, 2016 1:42:04 AM org.apache.catalina.startup.VersionLoggerListener log
INFO: Java Home:             C:\Program Files\Java\jdk1.8.0_101\jre
Oct 24, 2016 1:42:04 AM org.apache.catalina.startup.VersionLoggerListener log
INFO: JVM Version:           1.8.0_101-b13
Oct 24, 2016 1:42:04 AM org.apache.catalina.startup.VersionLoggerListener log
INFO: JVM Vendor:            Oracle Corporation
Oct 24, 2016 1:42:04 AM org.apache.catalina.startup.VersionLoggerListener log
INFO: CATALINA_BASE:         C:\Users\victo\Desktop\sql\tomcat
Oct 24, 2016 1:42:04 AM org.apache.catalina.startup.VersionLoggerListener log
INFO: CATALINA_HOME:         C:\Users\victo\Desktop\sql\tomcat
Oct 24, 2016 1:42:04 AM org.apache.catalina.startup.VersionLoggerListener log
INFO: Command line argument: -Djdk.tls.ephemeralDHKeySize=2048
Oct 24, 2016 1:42:04 AM org.apache.catalina.startup.VersionLoggerListener log
INFO: Command line argument: -Djava.util.logging.config.file=C:\Users\victo\Desktop\sql\tomcat\conf\logging.properties
Oct 24, 2016 1:42:04 AM org.apache.catalina.startup.VersionLoggerListener log
INFO: Command line argument: -Djava.util.logging.manager=org.apache.juli.ClassLoaderLogManager
Oct 24, 2016 1:42:04 AM org.apache.catalina.startup.VersionLoggerListener log
INFO: Command line argument: -Djava.endorsed.dirs=C:\Users\victo\Desktop\sql\tomcat\endorsed
Oct 24, 2016 1:42:04 AM org.apache.catalina.startup.VersionLoggerListener log
INFO: Command line argument: -Dcatalina.base=C:\Users\victo\Desktop\sql\tomcat
Oct 24, 2016 1:42:04 AM org.apache.catalina.startup.VersionLoggerListener log
INFO: Command line argument: -Dcatalina.home=C:\Users\victo\Desktop\sql\tomcat
Oct 24, 2016 1:42:04 AM org.apache.catalina.startup.VersionLoggerListener log
INFO: Command line argument: -Djava.io.tmpdir=C:\Users\victo\Desktop\sql\tomcat\temp
Oct 24, 2016 1:42:04 AM org.apache.catalina.core.AprLifecycleListener lifecycleEvent
INFO: Loaded APR based Apache Tomcat Native library 1.2.8 using APR version 1.5.2.
Oct 24, 2016 1:42:04 AM org.apache.catalina.core.AprLifecycleListener lifecycleEvent
INFO: APR capabilities: IPv6 [true], sendfile [true], accept filters [false], random [true].
Oct 24, 2016 1:42:05 AM org.apache.catalina.core.AprLifecycleListener initializeSSL
INFO: OpenSSL successfully initialized (OpenSSL 1.0.2h  3 May 2016)
Oct 24, 2016 1:42:05 AM org.apache.coyote.AbstractProtocol init
INFO: Initializing ProtocolHandler ["http-apr-9999"]
Oct 24, 2016 1:42:05 AM org.apache.coyote.AbstractProtocol init
INFO: Initializing ProtocolHandler ["ajp-apr-8009"]
Oct 24, 2016 1:42:05 AM org.apache.catalina.startup.Catalina load
INFO: Initialization processed in 1500 ms
Oct 24, 2016 1:42:05 AM org.apache.catalina.core.StandardService startInternal
INFO: Starting service Catalina
Oct 24, 2016 1:42:05 AM org.apache.catalina.core.StandardEngine startInternal
INFO: Starting Servlet Engine: Apache Tomcat/7.0.72
Oct 24, 2016 1:42:05 AM org.apache.catalina.startup.HostConfig deployDirectory
INFO: Deploying web application directory C:\Users\victo\Desktop\sql\tomcat\webapps\docs
Oct 24, 2016 1:42:05 AM org.apache.catalina.startup.HostConfig deployDirectory
INFO: Deployment of web application directory C:\Users\victo\Desktop\sql\tomcat\webapps\docs has finished in 439 ms
Oct 24, 2016 1:42:05 AM org.apache.catalina.startup.HostConfig deployDirectory
INFO: Deploying web application directory C:\Users\victo\Desktop\sql\tomcat\webapps\examples
Oct 24, 2016 1:42:06 AM org.apache.catalina.startup.HostConfig deployDirectory
INFO: Deployment of web application directory C:\Users\victo\Desktop\sql\tomcat\webapps\examples has finished in 504 ms
Oct 24, 2016 1:42:06 AM org.apache.catalina.startup.HostConfig deployDirectory
INFO: Deploying web application directory C:\Users\victo\Desktop\sql\tomcat\webapps\hello
Oct 24, 2016 1:42:06 AM org.apache.catalina.startup.HostConfig deployDirectory
INFO: Deployment of web application directory C:\Users\victo\Desktop\sql\tomcat\webapps\hello has finished in 105 ms
Oct 24, 2016 1:42:06 AM org.apache.catalina.startup.HostConfig deployDirectory
INFO: Deploying web application directory C:\Users\victo\Desktop\sql\tomcat\webapps\host-manager
Oct 24, 2016 1:42:06 AM org.apache.catalina.startup.HostConfig deployDirectory
INFO: Deployment of web application directory C:\Users\victo\Desktop\sql\tomcat\webapps\host-manager has finished in 80 ms
Oct 24, 2016 1:42:06 AM org.apache.catalina.startup.HostConfig deployDirectory
INFO: Deploying web application directory C:\Users\victo\Desktop\sql\tomcat\webapps\manager
Oct 24, 2016 1:42:06 AM org.apache.catalina.startup.HostConfig deployDirectory
INFO: Deployment of web application directory C:\Users\victo\Desktop\sql\tomcat\webapps\manager has finished in 67 ms
Oct 24, 2016 1:42:06 AM org.apache.catalina.startup.HostConfig deployDirectory
INFO: Deploying web application directory C:\Users\victo\Desktop\sql\tomcat\webapps\ROOT
Oct 24, 2016 1:42:06 AM org.apache.catalina.startup.HostConfig deployDirectory
INFO: Deployment of web application directory C:\Users\victo\Desktop\sql\tomcat\webapps\ROOT has finished in 78 ms
Oct 24, 2016 1:42:06 AM org.apache.coyote.AbstractProtocol start
INFO: Starting ProtocolHandler ["http-apr-9999"]
Oct 24, 2016 1:42:06 AM org.apache.coyote.AbstractProtocol start
INFO: Starting ProtocolHandler ["ajp-apr-8009"]
Oct 24, 2016 1:42:06 AM org.apache.catalina.startup.Catalina start
INFO: Server startup in 1381 ms
Oct 24, 2016 1:42:16 AM org.apache.catalina.core.StandardContext reload
INFO: Reloading Context with name [/hello] has started
Oct 24, 2016 1:42:16 AM org.apache.catalina.core.StandardContext reload
INFO: Reloading Context with name [/hello] is completed
Oct 24, 2016 1:48:23 AM org.apache.coyote.AbstractProtocol pause
INFO: Pausing ProtocolHandler ["http-apr-9999"]
Oct 24, 2016 1:48:23 AM org.apache.coyote.AbstractProtocol pause
INFO: Pausing ProtocolHandler ["ajp-apr-8009"]
Oct 24, 2016 1:48:23 AM org.apache.catalina.core.StandardService stopInternal
INFO: Stopping service Catalina
Oct 24, 2016 1:48:23 AM org.apache.coyote.AbstractProtocol stop
INFO: Stopping ProtocolHandler ["http-apr-9999"]
Oct 24, 2016 1:48:23 AM org.apache.coyote.AbstractProtocol stop
INFO: Stopping ProtocolHandler ["ajp-apr-8009"]
Oct 24, 2016 1:48:23 AM org.apache.coyote.AbstractProtocol destroy
INFO: Destroying ProtocolHandler ["http-apr-9999"]
Oct 24, 2016 1:48:23 AM org.apache.coyote.AbstractProtocol destroy
INFO: Destroying ProtocolHandler ["ajp-apr-8009"]
Oct 24, 2016 1:48:26 AM org.apache.catalina.startup.VersionLoggerListener log
INFO: Server version:        Apache Tomcat/7.0.72
Oct 24, 2016 1:48:26 AM org.apache.catalina.startup.VersionLoggerListener log
INFO: Server built:          Sep 14 2016 12:12:26 UTC
Oct 24, 2016 1:48:26 AM org.apache.catalina.startup.VersionLoggerListener log
INFO: Server number:         7.0.72.0
Oct 24, 2016 1:48:26 AM org.apache.catalina.startup.VersionLoggerListener log
INFO: OS Name:               Windows 10
Oct 24, 2016 1:48:26 AM org.apache.catalina.startup.VersionLoggerListener log
INFO: OS Version:            10.0
Oct 24, 2016 1:48:26 AM org.apache.catalina.startup.VersionLoggerListener log
INFO: Architecture:          amd64
Oct 24, 2016 1:48:26 AM org.apache.catalina.startup.VersionLoggerListener log
INFO: Java Home:             C:\Program Files\Java\jdk1.8.0_101\jre
Oct 24, 2016 1:48:26 AM org.apache.catalina.startup.VersionLoggerListener log
INFO: JVM Version:           1.8.0_101-b13
Oct 24, 2016 1:48:26 AM org.apache.catalina.startup.VersionLoggerListener log
INFO: JVM Vendor:            Oracle Corporation
Oct 24, 2016 1:48:26 AM org.apache.catalina.startup.VersionLoggerListener log
INFO: CATALINA_BASE:         C:\Users\victo\Desktop\sql\tomcat
Oct 24, 2016 1:48:26 AM org.apache.catalina.startup.VersionLoggerListener log
INFO: CATALINA_HOME:         C:\Users\victo\Desktop\sql\tomcat
Oct 24, 2016 1:48:26 AM org.apache.catalina.startup.VersionLoggerListener log
INFO: Command line argument: -Djdk.tls.ephemeralDHKeySize=2048
Oct 24, 2016 1:48:26 AM org.apache.catalina.startup.VersionLoggerListener log
INFO: Command line argument: -Djava.util.logging.config.file=C:\Users\victo\Desktop\sql\tomcat\conf\logging.properties
Oct 24, 2016 1:48:26 AM org.apache.catalina.startup.VersionLoggerListener log
INFO: Command line argument: -Djava.util.logging.manager=org.apache.juli.ClassLoaderLogManager
Oct 24, 2016 1:48:26 AM org.apache.catalina.startup.VersionLoggerListener log
INFO: Command line argument: -Djava.endorsed.dirs=C:\Users\victo\Desktop\sql\tomcat\endorsed
Oct 24, 2016 1:48:26 AM org.apache.catalina.startup.VersionLoggerListener log
INFO: Command line argument: -Dcatalina.base=C:\Users\victo\Desktop\sql\tomcat
Oct 24, 2016 1:48:26 AM org.apache.catalina.startup.VersionLoggerListener log
INFO: Command line argument: -Dcatalina.home=C:\Users\victo\Desktop\sql\tomcat
Oct 24, 2016 1:48:26 AM org.apache.catalina.startup.VersionLoggerListener log
INFO: Command line argument: -Djava.io.tmpdir=C:\Users\victo\Desktop\sql\tomcat\temp
Oct 24, 2016 1:48:26 AM org.apache.catalina.core.AprLifecycleListener lifecycleEvent
INFO: Loaded APR based Apache Tomcat Native library 1.2.8 using APR version 1.5.2.
Oct 24, 2016 1:48:26 AM org.apache.catalina.core.AprLifecycleListener lifecycleEvent
INFO: APR capabilities: IPv6 [true], sendfile [true], accept filters [false], random [true].
Oct 24, 2016 1:48:27 AM org.apache.catalina.core.AprLifecycleListener initializeSSL
INFO: OpenSSL successfully initialized (OpenSSL 1.0.2h  3 May 2016)
Oct 24, 2016 1:48:27 AM org.apache.coyote.AbstractProtocol init
INFO: Initializing ProtocolHandler ["http-apr-9999"]
Oct 24, 2016 1:48:27 AM org.apache.coyote.AbstractProtocol init
INFO: Initializing ProtocolHandler ["ajp-apr-8009"]
Oct 24, 2016 1:48:27 AM org.apache.catalina.startup.Catalina load
INFO: Initialization processed in 2191 ms
Oct 24, 2016 1:48:27 AM org.apache.catalina.core.StandardService startInternal
INFO: Starting service Catalina
Oct 24, 2016 1:48:27 AM org.apache.catalina.core.StandardEngine startInternal
INFO: Starting Servlet Engine: Apache Tomcat/7.0.72
Oct 24, 2016 1:48:27 AM org.apache.catalina.startup.HostConfig deployDirectory
INFO: Deploying web application directory C:\Users\victo\Desktop\sql\tomcat\webapps\docs
Oct 24, 2016 1:48:28 AM org.apache.catalina.startup.HostConfig deployDirectory
INFO: Deployment of web application directory C:\Users\victo\Desktop\sql\tomcat\webapps\docs has finished in 598 ms
Oct 24, 2016 1:48:28 AM org.apache.catalina.startup.HostConfig deployDirectory
INFO: Deploying web application directory C:\Users\victo\Desktop\sql\tomcat\webapps\examples
Oct 24, 2016 1:48:29 AM org.apache.catalina.startup.HostConfig deployDirectory
INFO: Deployment of web application directory C:\Users\victo\Desktop\sql\tomcat\webapps\examples has finished in 578 ms
Oct 24, 2016 1:48:29 AM org.apache.catalina.startup.HostConfig deployDirectory
INFO: Deploying web application directory C:\Users\victo\Desktop\sql\tomcat\webapps\hello
Oct 24, 2016 1:48:29 AM org.apache.catalina.startup.HostConfig deployDirectory
INFO: Deployment of web application directory C:\Users\victo\Desktop\sql\tomcat\webapps\hello has finished in 137 ms
Oct 24, 2016 1:48:29 AM org.apache.catalina.startup.HostConfig deployDirectory
INFO: Deploying web application directory C:\Users\victo\Desktop\sql\tomcat\webapps\host-manager
Oct 24, 2016 1:48:29 AM org.apache.catalina.startup.HostConfig deployDirectory
INFO: Deployment of web application directory C:\Users\victo\Desktop\sql\tomcat\webapps\host-manager has finished in 94 ms
Oct 24, 2016 1:48:29 AM org.apache.catalina.startup.HostConfig deployDirectory
INFO: Deploying web application directory C:\Users\victo\Desktop\sql\tomcat\webapps\manager
Oct 24, 2016 1:48:29 AM org.apache.catalina.startup.HostConfig deployDirectory
INFO: Deployment of web application directory C:\Users\victo\Desktop\sql\tomcat\webapps\manager has finished in 73 ms
Oct 24, 2016 1:48:29 AM org.apache.catalina.startup.HostConfig deployDirectory
INFO: Deploying web application directory C:\Users\victo\Desktop\sql\tomcat\webapps\ROOT
Oct 24, 2016 1:48:29 AM org.apache.catalina.startup.HostConfig deployDirectory
INFO: Deployment of web application directory C:\Users\victo\Desktop\sql\tomcat\webapps\ROOT has finished in 57 ms
Oct 24, 2016 1:48:29 AM org.apache.coyote.AbstractProtocol start
INFO: Starting ProtocolHandler ["http-apr-9999"]
Oct 24, 2016 1:48:29 AM org.apache.coyote.AbstractProtocol start
INFO: Starting ProtocolHandler ["ajp-apr-8009"]
Oct 24, 2016 1:48:29 AM org.apache.catalina.startup.Catalina start
INFO: Server startup in 1644 ms
Oct 24, 2016 1:50:06 AM org.apache.coyote.AbstractProtocol pause
INFO: Pausing ProtocolHandler ["http-apr-9999"]
Oct 24, 2016 1:50:06 AM org.apache.coyote.AbstractProtocol pause
INFO: Pausing ProtocolHandler ["ajp-apr-8009"]
Oct 24, 2016 1:50:06 AM org.apache.catalina.core.StandardService stopInternal
INFO: Stopping service Catalina
Oct 24, 2016 1:50:06 AM org.apache.coyote.AbstractProtocol stop
INFO: Stopping ProtocolHandler ["http-apr-9999"]
Oct 24, 2016 1:50:06 AM org.apache.coyote.AbstractProtocol stop
INFO: Stopping ProtocolHandler ["ajp-apr-8009"]
Oct 24, 2016 1:50:06 AM org.apache.coyote.AbstractProtocol destroy
INFO: Destroying ProtocolHandler ["http-apr-9999"]
Oct 24, 2016 1:50:06 AM org.apache.coyote.AbstractProtocol destroy
INFO: Destroying ProtocolHandler ["ajp-apr-8009"]
Oct 24, 2016 1:50:09 AM org.apache.catalina.startup.VersionLoggerListener log
INFO: Server version:        Apache Tomcat/7.0.72
Oct 24, 2016 1:50:09 AM org.apache.catalina.startup.VersionLoggerListener log
INFO: Server built:          Sep 14 2016 12:12:26 UTC
Oct 24, 2016 1:50:09 AM org.apache.catalina.startup.VersionLoggerListener log
INFO: Server number:         7.0.72.0
Oct 24, 2016 1:50:09 AM org.apache.catalina.startup.VersionLoggerListener log
INFO: OS Name:               Windows 10
Oct 24, 2016 1:50:09 AM org.apache.catalina.startup.VersionLoggerListener log
INFO: OS Version:            10.0
Oct 24, 2016 1:50:09 AM org.apache.catalina.startup.VersionLoggerListener log
INFO: Architecture:          amd64
Oct 24, 2016 1:50:09 AM org.apache.catalina.startup.VersionLoggerListener log
INFO: Java Home:             C:\Program Files\Java\jdk1.8.0_101\jre
Oct 24, 2016 1:50:09 AM org.apache.catalina.startup.VersionLoggerListener log
INFO: JVM Version:           1.8.0_101-b13
Oct 24, 2016 1:50:09 AM org.apache.catalina.startup.VersionLoggerListener log
INFO: JVM Vendor:            Oracle Corporation
Oct 24, 2016 1:50:09 AM org.apache.catalina.startup.VersionLoggerListener log
INFO: CATALINA_BASE:         C:\Users\victo\Desktop\sql\tomcat
Oct 24, 2016 1:50:09 AM org.apache.catalina.startup.VersionLoggerListener log
INFO: CATALINA_HOME:         C:\Users\victo\Desktop\sql\tomcat
Oct 24, 2016 1:50:09 AM org.apache.catalina.startup.VersionLoggerListener log
INFO: Command line argument: -Djdk.tls.ephemeralDHKeySize=2048
Oct 24, 2016 1:50:09 AM org.apache.catalina.startup.VersionLoggerListener log
INFO: Command line argument: -Djava.util.logging.config.file=C:\Users\victo\Desktop\sql\tomcat\conf\logging.properties
Oct 24, 2016 1:50:09 AM org.apache.catalina.startup.VersionLoggerListener log
INFO: Command line argument: -Djava.util.logging.manager=org.apache.juli.ClassLoaderLogManager
Oct 24, 2016 1:50:09 AM org.apache.catalina.startup.VersionLoggerListener log
INFO: Command line argument: -Djava.endorsed.dirs=C:\Users\victo\Desktop\sql\tomcat\endorsed
Oct 24, 2016 1:50:09 AM org.apache.catalina.startup.VersionLoggerListener log
INFO: Command line argument: -Dcatalina.base=C:\Users\victo\Desktop\sql\tomcat
Oct 24, 2016 1:50:09 AM org.apache.catalina.startup.VersionLoggerListener log
INFO: Command line argument: -Dcatalina.home=C:\Users\victo\Desktop\sql\tomcat
Oct 24, 2016 1:50:09 AM org.apache.catalina.startup.VersionLoggerListener log
INFO: Command line argument: -Djava.io.tmpdir=C:\Users\victo\Desktop\sql\tomcat\temp
Oct 24, 2016 1:50:09 AM org.apache.catalina.core.AprLifecycleListener lifecycleEvent
INFO: Loaded APR based Apache Tomcat Native library 1.2.8 using APR version 1.5.2.
Oct 24, 2016 1:50:09 AM org.apache.catalina.core.AprLifecycleListener lifecycleEvent
INFO: APR capabilities: IPv6 [true], sendfile [true], accept filters [false], random [true].
Oct 24, 2016 1:50:10 AM org.apache.catalina.core.AprLifecycleListener initializeSSL
INFO: OpenSSL successfully initialized (OpenSSL 1.0.2h  3 May 2016)
Oct 24, 2016 1:50:10 AM org.apache.coyote.AbstractProtocol init
INFO: Initializing ProtocolHandler ["http-apr-9999"]
Oct 24, 2016 1:50:10 AM org.apache.coyote.AbstractProtocol init
INFO: Initializing ProtocolHandler ["ajp-apr-8009"]
Oct 24, 2016 1:50:10 AM org.apache.catalina.startup.Catalina load
INFO: Initialization processed in 1586 ms
Oct 24, 2016 1:50:10 AM org.apache.catalina.core.StandardService startInternal
INFO: Starting service Catalina
Oct 24, 2016 1:50:10 AM org.apache.catalina.core.StandardEngine startInternal
INFO: Starting Servlet Engine: Apache Tomcat/7.0.72
Oct 24, 2016 1:50:10 AM org.apache.catalina.startup.HostConfig deployDirectory
INFO: Deploying web application directory C:\Users\victo\Desktop\sql\tomcat\webapps\docs
Oct 24, 2016 1:50:10 AM org.apache.catalina.startup.HostConfig deployDirectory
INFO: Deployment of web application directory C:\Users\victo\Desktop\sql\tomcat\webapps\docs has finished in 621 ms
Oct 24, 2016 1:50:10 AM org.apache.catalina.startup.HostConfig deployDirectory
INFO: Deploying web application directory C:\Users\victo\Desktop\sql\tomcat\webapps\examples
Oct 24, 2016 1:50:11 AM org.apache.catalina.startup.HostConfig deployDirectory
INFO: Deployment of web application directory C:\Users\victo\Desktop\sql\tomcat\webapps\examples has finished in 618 ms
Oct 24, 2016 1:50:11 AM org.apache.catalina.startup.HostConfig deployDirectory
INFO: Deploying web application directory C:\Users\victo\Desktop\sql\tomcat\webapps\hello
Oct 24, 2016 1:50:11 AM org.apache.catalina.startup.HostConfig deployDirectory
INFO: Deployment of web application directory C:\Users\victo\Desktop\sql\tomcat\webapps\hello has finished in 134 ms
Oct 24, 2016 1:50:11 AM org.apache.catalina.startup.HostConfig deployDirectory
INFO: Deploying web application directory C:\Users\victo\Desktop\sql\tomcat\webapps\host-manager
Oct 24, 2016 1:50:11 AM org.apache.catalina.startup.HostConfig deployDirectory
INFO: Deployment of web application directory C:\Users\victo\Desktop\sql\tomcat\webapps\host-manager has finished in 77 ms
Oct 24, 2016 1:50:11 AM org.apache.catalina.startup.HostConfig deployDirectory
INFO: Deploying web application directory C:\Users\victo\Desktop\sql\tomcat\webapps\manager
Oct 24, 2016 1:50:11 AM org.apache.catalina.startup.HostConfig deployDirectory
INFO: Deployment of web application directory C:\Users\victo\Desktop\sql\tomcat\webapps\manager has finished in 74 ms
Oct 24, 2016 1:50:11 AM org.apache.catalina.startup.HostConfig deployDirectory
INFO: Deploying web application directory C:\Users\victo\Desktop\sql\tomcat\webapps\ROOT
Oct 24, 2016 1:50:11 AM org.apache.catalina.startup.HostConfig deployDirectory
INFO: Deployment of web application directory C:\Users\victo\Desktop\sql\tomcat\webapps\ROOT has finished in 78 ms
Oct 24, 2016 1:50:11 AM org.apache.coyote.AbstractProtocol start
INFO: Starting ProtocolHandler ["http-apr-9999"]
Oct 24, 2016 1:50:12 AM org.apache.coyote.AbstractProtocol start
INFO: Starting ProtocolHandler ["ajp-apr-8009"]
Oct 24, 2016 1:50:12 AM org.apache.catalina.startup.Catalina start
INFO: Server startup in 1719 ms
Oct 24, 2016 1:50:48 AM org.apache.coyote.AbstractProtocol pause
INFO: Pausing ProtocolHandler ["http-apr-9999"]
Oct 24, 2016 1:50:48 AM org.apache.coyote.AbstractProtocol pause
INFO: Pausing ProtocolHandler ["ajp-apr-8009"]
Oct 24, 2016 1:50:48 AM org.apache.catalina.core.StandardService stopInternal
INFO: Stopping service Catalina
Oct 24, 2016 1:50:48 AM org.apache.coyote.AbstractProtocol stop
INFO: Stopping ProtocolHandler ["http-apr-9999"]
Oct 24, 2016 1:50:48 AM org.apache.coyote.AbstractProtocol stop
INFO: Stopping ProtocolHandler ["ajp-apr-8009"]
Oct 24, 2016 1:50:48 AM org.apache.coyote.AbstractProtocol destroy
INFO: Destroying ProtocolHandler ["http-apr-9999"]
Oct 24, 2016 1:50:48 AM org.apache.coyote.AbstractProtocol destroy
INFO: Destroying ProtocolHandler ["ajp-apr-8009"]
Oct 24, 2016 1:50:50 AM org.apache.catalina.startup.VersionLoggerListener log
INFO: Server version:        Apache Tomcat/7.0.72
Oct 24, 2016 1:50:50 AM org.apache.catalina.startup.VersionLoggerListener log
INFO: Server built:          Sep 14 2016 12:12:26 UTC
Oct 24, 2016 1:50:50 AM org.apache.catalina.startup.VersionLoggerListener log
INFO: Server number:         7.0.72.0
Oct 24, 2016 1:50:50 AM org.apache.catalina.startup.VersionLoggerListener log
INFO: OS Name:               Windows 10
Oct 24, 2016 1:50:50 AM org.apache.catalina.startup.VersionLoggerListener log
INFO: OS Version:            10.0
Oct 24, 2016 1:50:50 AM org.apache.catalina.startup.VersionLoggerListener log
INFO: Architecture:          amd64
Oct 24, 2016 1:50:50 AM org.apache.catalina.startup.VersionLoggerListener log
INFO: Java Home:             C:\Program Files\Java\jdk1.8.0_101\jre
Oct 24, 2016 1:50:50 AM org.apache.catalina.startup.VersionLoggerListener log
INFO: JVM Version:           1.8.0_101-b13
Oct 24, 2016 1:50:50 AM org.apache.catalina.startup.VersionLoggerListener log
INFO: JVM Vendor:            Oracle Corporation
Oct 24, 2016 1:50:50 AM org.apache.catalina.startup.VersionLoggerListener log
INFO: CATALINA_BASE:         C:\Users\victo\Desktop\sql\tomcat
Oct 24, 2016 1:50:50 AM org.apache.catalina.startup.VersionLoggerListener log
INFO: CATALINA_HOME:         C:\Users\victo\Desktop\sql\tomcat
Oct 24, 2016 1:50:50 AM org.apache.catalina.startup.VersionLoggerListener log
INFO: Command line argument: -Djdk.tls.ephemeralDHKeySize=2048
Oct 24, 2016 1:50:50 AM org.apache.catalina.startup.VersionLoggerListener log
INFO: Command line argument: -Djava.util.logging.config.file=C:\Users\victo\Desktop\sql\tomcat\conf\logging.properties
Oct 24, 2016 1:50:50 AM org.apache.catalina.startup.VersionLoggerListener log
INFO: Command line argument: -Djava.util.logging.manager=org.apache.juli.ClassLoaderLogManager
Oct 24, 2016 1:50:50 AM org.apache.catalina.startup.VersionLoggerListener log
INFO: Command line argument: -Djava.endorsed.dirs=C:\Users\victo\Desktop\sql\tomcat\endorsed
Oct 24, 2016 1:50:50 AM org.apache.catalina.startup.VersionLoggerListener log
INFO: Command line argument: -Dcatalina.base=C:\Users\victo\Desktop\sql\tomcat
Oct 24, 2016 1:50:50 AM org.apache.catalina.startup.VersionLoggerListener log
INFO: Command line argument: -Dcatalina.home=C:\Users\victo\Desktop\sql\tomcat
Oct 24, 2016 1:50:50 AM org.apache.catalina.startup.VersionLoggerListener log
INFO: Command line argument: -Djava.io.tmpdir=C:\Users\victo\Desktop\sql\tomcat\temp
Oct 24, 2016 1:50:50 AM org.apache.catalina.core.AprLifecycleListener lifecycleEvent
INFO: Loaded APR based Apache Tomcat Native library 1.2.8 using APR version 1.5.2.
Oct 24, 2016 1:50:50 AM org.apache.catalina.core.AprLifecycleListener lifecycleEvent
INFO: APR capabilities: IPv6 [true], sendfile [true], accept filters [false], random [true].
Oct 24, 2016 1:50:51 AM org.apache.catalina.core.AprLifecycleListener initializeSSL
INFO: OpenSSL successfully initialized (OpenSSL 1.0.2h  3 May 2016)
Oct 24, 2016 1:50:51 AM org.apache.coyote.AbstractProtocol init
INFO: Initializing ProtocolHandler ["http-apr-9999"]
Oct 24, 2016 1:50:51 AM org.apache.coyote.AbstractProtocol init
INFO: Initializing ProtocolHandler ["ajp-apr-8009"]
Oct 24, 2016 1:50:51 AM org.apache.catalina.startup.Catalina load
INFO: Initialization processed in 1571 ms
Oct 24, 2016 1:50:51 AM org.apache.catalina.core.StandardService startInternal
INFO: Starting service Catalina
Oct 24, 2016 1:50:51 AM org.apache.catalina.core.StandardEngine startInternal
INFO: Starting Servlet Engine: Apache Tomcat/7.0.72
Oct 24, 2016 1:50:51 AM org.apache.catalina.startup.HostConfig deployDirectory
INFO: Deploying web application directory C:\Users\victo\Desktop\sql\tomcat\webapps\docs
Oct 24, 2016 1:50:52 AM org.apache.catalina.startup.HostConfig deployDirectory
INFO: Deployment of web application directory C:\Users\victo\Desktop\sql\tomcat\webapps\docs has finished in 666 ms
Oct 24, 2016 1:50:52 AM org.apache.catalina.startup.HostConfig deployDirectory
INFO: Deploying web application directory C:\Users\victo\Desktop\sql\tomcat\webapps\examples
Oct 24, 2016 1:50:52 AM org.apache.catalina.startup.HostConfig deployDirectory
INFO: Deployment of web application directory C:\Users\victo\Desktop\sql\tomcat\webapps\examples has finished in 453 ms
Oct 24, 2016 1:50:52 AM org.apache.catalina.startup.HostConfig deployDirectory
INFO: Deploying web application directory C:\Users\victo\Desktop\sql\tomcat\webapps\hello
Oct 24, 2016 1:50:52 AM org.apache.catalina.startup.HostConfig deployDirectory
INFO: Deployment of web application directory C:\Users\victo\Desktop\sql\tomcat\webapps\hello has finished in 126 ms
Oct 24, 2016 1:50:52 AM org.apache.catalina.startup.HostConfig deployDirectory
INFO: Deploying web application directory C:\Users\victo\Desktop\sql\tomcat\webapps\host-manager
Oct 24, 2016 1:50:52 AM org.apache.catalina.startup.HostConfig deployDirectory
INFO: Deployment of web application directory C:\Users\victo\Desktop\sql\tomcat\webapps\host-manager has finished in 85 ms
Oct 24, 2016 1:50:52 AM org.apache.catalina.startup.HostConfig deployDirectory
INFO: Deploying web application directory C:\Users\victo\Desktop\sql\tomcat\webapps\manager
Oct 24, 2016 1:50:52 AM org.apache.catalina.startup.HostConfig deployDirectory
INFO: Deployment of web application directory C:\Users\victo\Desktop\sql\tomcat\webapps\manager has finished in 69 ms
Oct 24, 2016 1:50:52 AM org.apache.catalina.startup.HostConfig deployDirectory
INFO: Deploying web application directory C:\Users\victo\Desktop\sql\tomcat\webapps\ROOT
Oct 24, 2016 1:50:53 AM org.apache.catalina.startup.HostConfig deployDirectory
INFO: Deployment of web application directory C:\Users\victo\Desktop\sql\tomcat\webapps\ROOT has finished in 64 ms
Oct 24, 2016 1:50:53 AM org.apache.coyote.AbstractProtocol start
INFO: Starting ProtocolHandler ["http-apr-9999"]
Oct 24, 2016 1:50:53 AM org.apache.coyote.AbstractProtocol start
INFO: Starting ProtocolHandler ["ajp-apr-8009"]
Oct 24, 2016 1:50:53 AM org.apache.catalina.startup.Catalina start
INFO: Server startup in 1595 ms
Oct 24, 2016 1:51:22 AM org.apache.coyote.AbstractProtocol pause
INFO: Pausing ProtocolHandler ["http-apr-9999"]
Oct 24, 2016 1:51:23 AM org.apache.coyote.AbstractProtocol pause
INFO: Pausing ProtocolHandler ["ajp-apr-8009"]
Oct 24, 2016 1:51:23 AM org.apache.catalina.core.StandardService stopInternal
INFO: Stopping service Catalina
Oct 24, 2016 1:51:23 AM org.apache.coyote.AbstractProtocol stop
INFO: Stopping ProtocolHandler ["http-apr-9999"]
Oct 24, 2016 1:51:23 AM org.apache.coyote.AbstractProtocol stop
INFO: Stopping ProtocolHandler ["ajp-apr-8009"]
Oct 24, 2016 1:51:23 AM org.apache.coyote.AbstractProtocol destroy
INFO: Destroying ProtocolHandler ["http-apr-9999"]
Oct 24, 2016 1:51:23 AM org.apache.coyote.AbstractProtocol destroy
INFO: Destroying ProtocolHandler ["ajp-apr-8009"]
Oct 24, 2016 1:51:25 AM org.apache.catalina.startup.VersionLoggerListener log
INFO: Server version:        Apache Tomcat/7.0.72
Oct 24, 2016 1:51:25 AM org.apache.catalina.startup.VersionLoggerListener log
INFO: Server built:          Sep 14 2016 12:12:26 UTC
Oct 24, 2016 1:51:25 AM org.apache.catalina.startup.VersionLoggerListener log
INFO: Server number:         7.0.72.0
Oct 24, 2016 1:51:25 AM org.apache.catalina.startup.VersionLoggerListener log
INFO: OS Name:               Windows 10
Oct 24, 2016 1:51:25 AM org.apache.catalina.startup.VersionLoggerListener log
INFO: OS Version:            10.0
Oct 24, 2016 1:51:25 AM org.apache.catalina.startup.VersionLoggerListener log
INFO: Architecture:          amd64
Oct 24, 2016 1:51:25 AM org.apache.catalina.startup.VersionLoggerListener log
INFO: Java Home:             C:\Program Files\Java\jdk1.8.0_101\jre
Oct 24, 2016 1:51:25 AM org.apache.catalina.startup.VersionLoggerListener log
INFO: JVM Version:           1.8.0_101-b13
Oct 24, 2016 1:51:25 AM org.apache.catalina.startup.VersionLoggerListener log
INFO: JVM Vendor:            Oracle Corporation
Oct 24, 2016 1:51:25 AM org.apache.catalina.startup.VersionLoggerListener log
INFO: CATALINA_BASE:         C:\Users\victo\Desktop\sql\tomcat
Oct 24, 2016 1:51:25 AM org.apache.catalina.startup.VersionLoggerListener log
INFO: CATALINA_HOME:         C:\Users\victo\Desktop\sql\tomcat
Oct 24, 2016 1:51:25 AM org.apache.catalina.startup.VersionLoggerListener log
INFO: Command line argument: -Djdk.tls.ephemeralDHKeySize=2048
Oct 24, 2016 1:51:25 AM org.apache.catalina.startup.VersionLoggerListener log
INFO: Command line argument: -Djava.util.logging.config.file=C:\Users\victo\Desktop\sql\tomcat\conf\logging.properties
Oct 24, 2016 1:51:25 AM org.apache.catalina.startup.VersionLoggerListener log
INFO: Command line argument: -Djava.util.logging.manager=org.apache.juli.ClassLoaderLogManager
Oct 24, 2016 1:51:25 AM org.apache.catalina.startup.VersionLoggerListener log
INFO: Command line argument: -Djava.endorsed.dirs=C:\Users\victo\Desktop\sql\tomcat\endorsed
Oct 24, 2016 1:51:25 AM org.apache.catalina.startup.VersionLoggerListener log
INFO: Command line argument: -Dcatalina.base=C:\Users\victo\Desktop\sql\tomcat
Oct 24, 2016 1:51:25 AM org.apache.catalina.startup.VersionLoggerListener log
INFO: Command line argument: -Dcatalina.home=C:\Users\victo\Desktop\sql\tomcat
Oct 24, 2016 1:51:25 AM org.apache.catalina.startup.VersionLoggerListener log
INFO: Command line argument: -Djava.io.tmpdir=C:\Users\victo\Desktop\sql\tomcat\temp
Oct 24, 2016 1:51:25 AM org.apache.catalina.core.AprLifecycleListener lifecycleEvent
INFO: Loaded APR based Apache Tomcat Native library 1.2.8 using APR version 1.5.2.
Oct 24, 2016 1:51:25 AM org.apache.catalina.core.AprLifecycleListener lifecycleEvent
INFO: APR capabilities: IPv6 [true], sendfile [true], accept filters [false], random [true].
Oct 24, 2016 1:51:26 AM org.apache.catalina.core.AprLifecycleListener initializeSSL
INFO: OpenSSL successfully initialized (OpenSSL 1.0.2h  3 May 2016)
Oct 24, 2016 1:51:26 AM org.apache.coyote.AbstractProtocol init
INFO: Initializing ProtocolHandler ["http-apr-9999"]
Oct 24, 2016 1:51:26 AM org.apache.coyote.AbstractProtocol init
INFO: Initializing ProtocolHandler ["ajp-apr-8009"]
Oct 24, 2016 1:51:26 AM org.apache.catalina.startup.Catalina load
INFO: Initialization processed in 1637 ms
Oct 24, 2016 1:51:26 AM org.apache.catalina.core.StandardService startInternal
INFO: Starting service Catalina
Oct 24, 2016 1:51:26 AM org.apache.catalina.core.StandardEngine startInternal
INFO: Starting Servlet Engine: Apache Tomcat/7.0.72
Oct 24, 2016 1:51:26 AM org.apache.catalina.startup.HostConfig deployDirectory
INFO: Deploying web application directory C:\Users\victo\Desktop\sql\tomcat\webapps\docs
Oct 24, 2016 1:51:27 AM org.apache.catalina.startup.HostConfig deployDirectory
INFO: Deployment of web application directory C:\Users\victo\Desktop\sql\tomcat\webapps\docs has finished in 585 ms
Oct 24, 2016 1:51:27 AM org.apache.catalina.startup.HostConfig deployDirectory
INFO: Deploying web application directory C:\Users\victo\Desktop\sql\tomcat\webapps\examples
Oct 24, 2016 1:51:27 AM org.apache.catalina.startup.HostConfig deployDirectory
INFO: Deployment of web application directory C:\Users\victo\Desktop\sql\tomcat\webapps\examples has finished in 605 ms
Oct 24, 2016 1:51:27 AM org.apache.catalina.startup.HostConfig deployDirectory
INFO: Deploying web application directory C:\Users\victo\Desktop\sql\tomcat\webapps\hello
Oct 24, 2016 1:51:27 AM org.apache.catalina.startup.HostConfig deployDirectory
INFO: Deployment of web application directory C:\Users\victo\Desktop\sql\tomcat\webapps\hello has finished in 124 ms
Oct 24, 2016 1:51:27 AM org.apache.catalina.startup.HostConfig deployDirectory
INFO: Deploying web application directory C:\Users\victo\Desktop\sql\tomcat\webapps\host-manager
Oct 24, 2016 1:51:27 AM org.apache.catalina.startup.HostConfig deployDirectory
INFO: Deployment of web application directory C:\Users\victo\Desktop\sql\tomcat\webapps\host-manager has finished in 86 ms
Oct 24, 2016 1:51:27 AM org.apache.catalina.startup.HostConfig deployDirectory
INFO: Deploying web application directory C:\Users\victo\Desktop\sql\tomcat\webapps\manager
Oct 24, 2016 1:51:28 AM org.apache.catalina.startup.HostConfig deployDirectory
INFO: Deployment of web application directory C:\Users\victo\Desktop\sql\tomcat\webapps\manager has finished in 83 ms
Oct 24, 2016 1:51:28 AM org.apache.catalina.startup.HostConfig deployDirectory
INFO: Deploying web application directory C:\Users\victo\Desktop\sql\tomcat\webapps\ROOT
Oct 24, 2016 1:51:28 AM org.apache.catalina.startup.HostConfig deployDirectory
INFO: Deployment of web application directory C:\Users\victo\Desktop\sql\tomcat\webapps\ROOT has finished in 76 ms
Oct 24, 2016 1:51:28 AM org.apache.coyote.AbstractProtocol start
INFO: Starting ProtocolHandler ["http-apr-9999"]
Oct 24, 2016 1:51:28 AM org.apache.coyote.AbstractProtocol start
INFO: Starting ProtocolHandler ["ajp-apr-8009"]
Oct 24, 2016 1:51:28 AM org.apache.catalina.startup.Catalina start
INFO: Server startup in 1711 ms
Oct 24, 2016 1:51:56 AM org.apache.coyote.AbstractProtocol pause
INFO: Pausing ProtocolHandler ["http-apr-9999"]
Oct 24, 2016 1:51:56 AM org.apache.coyote.AbstractProtocol pause
INFO: Pausing ProtocolHandler ["ajp-apr-8009"]
Oct 24, 2016 1:51:56 AM org.apache.catalina.core.StandardService stopInternal
INFO: Stopping service Catalina
Oct 24, 2016 1:51:56 AM org.apache.coyote.AbstractProtocol stop
INFO: Stopping ProtocolHandler ["http-apr-9999"]
Oct 24, 2016 1:51:56 AM org.apache.coyote.AbstractProtocol stop
INFO: Stopping ProtocolHandler ["ajp-apr-8009"]
Oct 24, 2016 1:51:56 AM org.apache.coyote.AbstractProtocol destroy
INFO: Destroying ProtocolHandler ["http-apr-9999"]
Oct 24, 2016 1:51:56 AM org.apache.coyote.AbstractProtocol destroy
INFO: Destroying ProtocolHandler ["ajp-apr-8009"]
Oct 24, 2016 1:51:59 AM org.apache.catalina.startup.VersionLoggerListener log
INFO: Server version:        Apache Tomcat/7.0.72
Oct 24, 2016 1:51:59 AM org.apache.catalina.startup.VersionLoggerListener log
INFO: Server built:          Sep 14 2016 12:12:26 UTC
Oct 24, 2016 1:51:59 AM org.apache.catalina.startup.VersionLoggerListener log
INFO: Server number:         7.0.72.0
Oct 24, 2016 1:51:59 AM org.apache.catalina.startup.VersionLoggerListener log
INFO: OS Name:               Windows 10
Oct 24, 2016 1:51:59 AM org.apache.catalina.startup.VersionLoggerListener log
INFO: OS Version:            10.0
Oct 24, 2016 1:51:59 AM org.apache.catalina.startup.VersionLoggerListener log
INFO: Architecture:          amd64
Oct 24, 2016 1:51:59 AM org.apache.catalina.startup.VersionLoggerListener log
INFO: Java Home:             C:\Program Files\Java\jdk1.8.0_101\jre
Oct 24, 2016 1:51:59 AM org.apache.catalina.startup.VersionLoggerListener log
INFO: JVM Version:           1.8.0_101-b13
Oct 24, 2016 1:51:59 AM org.apache.catalina.startup.VersionLoggerListener log
INFO: JVM Vendor:            Oracle Corporation
Oct 24, 2016 1:51:59 AM org.apache.catalina.startup.VersionLoggerListener log
INFO: CATALINA_BASE:         C:\Users\victo\Desktop\sql\tomcat
Oct 24, 2016 1:51:59 AM org.apache.catalina.startup.VersionLoggerListener log
INFO: CATALINA_HOME:         C:\Users\victo\Desktop\sql\tomcat
Oct 24, 2016 1:51:59 AM org.apache.catalina.startup.VersionLoggerListener log
INFO: Command line argument: -Djdk.tls.ephemeralDHKeySize=2048
Oct 24, 2016 1:51:59 AM org.apache.catalina.startup.VersionLoggerListener log
INFO: Command line argument: -Djava.util.logging.config.file=C:\Users\victo\Desktop\sql\tomcat\conf\logging.properties
Oct 24, 2016 1:51:59 AM org.apache.catalina.startup.VersionLoggerListener log
INFO: Command line argument: -Djava.util.logging.manager=org.apache.juli.ClassLoaderLogManager
Oct 24, 2016 1:51:59 AM org.apache.catalina.startup.VersionLoggerListener log
INFO: Command line argument: -Djava.endorsed.dirs=C:\Users\victo\Desktop\sql\tomcat\endorsed
Oct 24, 2016 1:51:59 AM org.apache.catalina.startup.VersionLoggerListener log
INFO: Command line argument: -Dcatalina.base=C:\Users\victo\Desktop\sql\tomcat
Oct 24, 2016 1:51:59 AM org.apache.catalina.startup.VersionLoggerListener log
INFO: Command line argument: -Dcatalina.home=C:\Users\victo\Desktop\sql\tomcat
Oct 24, 2016 1:51:59 AM org.apache.catalina.startup.VersionLoggerListener log
INFO: Command line argument: -Djava.io.tmpdir=C:\Users\victo\Desktop\sql\tomcat\temp
Oct 24, 2016 1:51:59 AM org.apache.catalina.core.AprLifecycleListener lifecycleEvent
INFO: Loaded APR based Apache Tomcat Native library 1.2.8 using APR version 1.5.2.
Oct 24, 2016 1:51:59 AM org.apache.catalina.core.AprLifecycleListener lifecycleEvent
INFO: APR capabilities: IPv6 [true], sendfile [true], accept filters [false], random [true].
Oct 24, 2016 1:52:00 AM org.apache.catalina.core.AprLifecycleListener initializeSSL
INFO: OpenSSL successfully initialized (OpenSSL 1.0.2h  3 May 2016)
Oct 24, 2016 1:52:00 AM org.apache.coyote.AbstractProtocol init
INFO: Initializing ProtocolHandler ["http-apr-9999"]
Oct 24, 2016 1:52:00 AM org.apache.coyote.AbstractProtocol init
INFO: Initializing ProtocolHandler ["ajp-apr-8009"]
Oct 24, 2016 1:52:00 AM org.apache.catalina.startup.Catalina load
INFO: Initialization processed in 1584 ms
Oct 24, 2016 1:52:00 AM org.apache.catalina.core.StandardService startInternal
INFO: Starting service Catalina
Oct 24, 2016 1:52:00 AM org.apache.catalina.core.StandardEngine startInternal
INFO: Starting Servlet Engine: Apache Tomcat/7.0.72
Oct 24, 2016 1:52:00 AM org.apache.catalina.startup.HostConfig deployDirectory
INFO: Deploying web application directory C:\Users\victo\Desktop\sql\tomcat\webapps\docs
Oct 24, 2016 1:52:00 AM org.apache.catalina.startup.HostConfig deployDirectory
INFO: Deployment of web application directory C:\Users\victo\Desktop\sql\tomcat\webapps\docs has finished in 587 ms
Oct 24, 2016 1:52:00 AM org.apache.catalina.startup.HostConfig deployDirectory
INFO: Deploying web application directory C:\Users\victo\Desktop\sql\tomcat\webapps\examples
Oct 24, 2016 1:52:01 AM org.apache.catalina.startup.HostConfig deployDirectory
INFO: Deployment of web application directory C:\Users\victo\Desktop\sql\tomcat\webapps\examples has finished in 484 ms
Oct 24, 2016 1:52:01 AM org.apache.catalina.startup.HostConfig deployDirectory
INFO: Deploying web application directory C:\Users\victo\Desktop\sql\tomcat\webapps\hello
Oct 24, 2016 1:52:01 AM org.apache.catalina.startup.HostConfig deployDirectory
INFO: Deployment of web application directory C:\Users\victo\Desktop\sql\tomcat\webapps\hello has finished in 115 ms
Oct 24, 2016 1:52:01 AM org.apache.catalina.startup.HostConfig deployDirectory
INFO: Deploying web application directory C:\Users\victo\Desktop\sql\tomcat\webapps\host-manager
Oct 24, 2016 1:52:01 AM org.apache.catalina.startup.HostConfig deployDirectory
INFO: Deployment of web application directory C:\Users\victo\Desktop\sql\tomcat\webapps\host-manager has finished in 92 ms
Oct 24, 2016 1:52:01 AM org.apache.catalina.startup.HostConfig deployDirectory
INFO: Deploying web application directory C:\Users\victo\Desktop\sql\tomcat\webapps\manager
Oct 24, 2016 1:52:01 AM org.apache.catalina.startup.HostConfig deployDirectory
INFO: Deployment of web application directory C:\Users\victo\Desktop\sql\tomcat\webapps\manager has finished in 74 ms
Oct 24, 2016 1:52:01 AM org.apache.catalina.startup.HostConfig deployDirectory
INFO: Deploying web application directory C:\Users\victo\Desktop\sql\tomcat\webapps\ROOT
Oct 24, 2016 1:52:01 AM org.apache.catalina.startup.HostConfig deployDirectory
INFO: Deployment of web application directory C:\Users\victo\Desktop\sql\tomcat\webapps\ROOT has finished in 71 ms
Oct 24, 2016 1:52:01 AM org.apache.coyote.AbstractProtocol start
INFO: Starting ProtocolHandler ["http-apr-9999"]
Oct 24, 2016 1:52:01 AM org.apache.coyote.AbstractProtocol start
INFO: Starting ProtocolHandler ["ajp-apr-8009"]
Oct 24, 2016 1:52:01 AM org.apache.catalina.startup.Catalina start
INFO: Server startup in 1527 ms
Oct 24, 2016 2:10:23 AM org.apache.catalina.core.StandardContext reload
INFO: Reloading Context with name [/hello] has started
Oct 24, 2016 2:10:23 AM org.apache.catalina.core.StandardContext reload
INFO: Reloading Context with name [/hello] is completed
Oct 24, 2016 2:10:57 AM org.apache.coyote.AbstractProtocol pause
INFO: Pausing ProtocolHandler ["http-apr-9999"]
Oct 24, 2016 2:10:58 AM org.apache.coyote.AbstractProtocol pause
INFO: Pausing ProtocolHandler ["ajp-apr-8009"]
Oct 24, 2016 2:10:58 AM org.apache.catalina.core.StandardService stopInternal
INFO: Stopping service Catalina
Oct 24, 2016 2:10:58 AM org.apache.coyote.AbstractProtocol stop
INFO: Stopping ProtocolHandler ["http-apr-9999"]
Oct 24, 2016 2:10:58 AM org.apache.coyote.AbstractProtocol stop
INFO: Stopping ProtocolHandler ["ajp-apr-8009"]
Oct 24, 2016 2:10:58 AM org.apache.coyote.AbstractProtocol destroy
INFO: Destroying ProtocolHandler ["http-apr-9999"]
Oct 24, 2016 2:10:58 AM org.apache.coyote.AbstractProtocol destroy
INFO: Destroying ProtocolHandler ["ajp-apr-8009"]
Oct 24, 2016 2:11:12 AM org.apache.catalina.startup.VersionLoggerListener log
INFO: Server version:        Apache Tomcat/7.0.72
Oct 24, 2016 2:11:12 AM org.apache.catalina.startup.VersionLoggerListener log
INFO: Server built:          Sep 14 2016 12:12:26 UTC
Oct 24, 2016 2:11:12 AM org.apache.catalina.startup.VersionLoggerListener log
INFO: Server number:         7.0.72.0
Oct 24, 2016 2:11:12 AM org.apache.catalina.startup.VersionLoggerListener log
INFO: OS Name:               Windows 10
Oct 24, 2016 2:11:12 AM org.apache.catalina.startup.VersionLoggerListener log
INFO: OS Version:            10.0
Oct 24, 2016 2:11:12 AM org.apache.catalina.startup.VersionLoggerListener log
INFO: Architecture:          amd64
Oct 24, 2016 2:11:12 AM org.apache.catalina.startup.VersionLoggerListener log
INFO: Java Home:             C:\Program Files\Java\jdk1.8.0_101\jre
Oct 24, 2016 2:11:12 AM org.apache.catalina.startup.VersionLoggerListener log
INFO: JVM Version:           1.8.0_101-b13
Oct 24, 2016 2:11:12 AM org.apache.catalina.startup.VersionLoggerListener log
INFO: JVM Vendor:            Oracle Corporation
Oct 24, 2016 2:11:12 AM org.apache.catalina.startup.VersionLoggerListener log
INFO: CATALINA_BASE:         C:\Users\victo\Desktop\sql\tomcat
Oct 24, 2016 2:11:12 AM org.apache.catalina.startup.VersionLoggerListener log
INFO: CATALINA_HOME:         C:\Users\victo\Desktop\sql\tomcat
Oct 24, 2016 2:11:12 AM org.apache.catalina.startup.VersionLoggerListener log
INFO: Command line argument: -Djdk.tls.ephemeralDHKeySize=2048
Oct 24, 2016 2:11:12 AM org.apache.catalina.startup.VersionLoggerListener log
INFO: Command line argument: -Djava.util.logging.config.file=C:\Users\victo\Desktop\sql\tomcat\conf\logging.properties
Oct 24, 2016 2:11:12 AM org.apache.catalina.startup.VersionLoggerListener log
INFO: Command line argument: -Djava.util.logging.manager=org.apache.juli.ClassLoaderLogManager
Oct 24, 2016 2:11:12 AM org.apache.catalina.startup.VersionLoggerListener log
INFO: Command line argument: -Djava.endorsed.dirs=C:\Users\victo\Desktop\sql\tomcat\endorsed
Oct 24, 2016 2:11:12 AM org.apache.catalina.startup.VersionLoggerListener log
INFO: Command line argument: -Dcatalina.base=C:\Users\victo\Desktop\sql\tomcat
Oct 24, 2016 2:11:12 AM org.apache.catalina.startup.VersionLoggerListener log
INFO: Command line argument: -Dcatalina.home=C:\Users\victo\Desktop\sql\tomcat
Oct 24, 2016 2:11:12 AM org.apache.catalina.startup.VersionLoggerListener log
INFO: Command line argument: -Djava.io.tmpdir=C:\Users\victo\Desktop\sql\tomcat\temp
Oct 24, 2016 2:11:12 AM org.apache.catalina.core.AprLifecycleListener lifecycleEvent
INFO: Loaded APR based Apache Tomcat Native library 1.2.8 using APR version 1.5.2.
Oct 24, 2016 2:11:12 AM org.apache.catalina.core.AprLifecycleListener lifecycleEvent
INFO: APR capabilities: IPv6 [true], sendfile [true], accept filters [false], random [true].
Oct 24, 2016 2:11:13 AM org.apache.catalina.core.AprLifecycleListener initializeSSL
INFO: OpenSSL successfully initialized (OpenSSL 1.0.2h  3 May 2016)
Oct 24, 2016 2:11:13 AM org.apache.coyote.AbstractProtocol init
INFO: Initializing ProtocolHandler ["http-apr-9999"]
Oct 24, 2016 2:11:13 AM org.apache.coyote.AbstractProtocol init
INFO: Initializing ProtocolHandler ["ajp-apr-8009"]
Oct 24, 2016 2:11:13 AM org.apache.catalina.startup.Catalina load
INFO: Initialization processed in 1781 ms
Oct 24, 2016 2:11:14 AM org.apache.catalina.core.StandardService startInternal
INFO: Starting service Catalina
Oct 24, 2016 2:11:14 AM org.apache.catalina.core.StandardEngine startInternal
INFO: Starting Servlet Engine: Apache Tomcat/7.0.72
Oct 24, 2016 2:11:14 AM org.apache.catalina.startup.HostConfig deployDirectory
INFO: Deploying web application directory C:\Users\victo\Desktop\sql\tomcat\webapps\docs
Oct 24, 2016 2:11:14 AM org.apache.catalina.startup.HostConfig deployDirectory
INFO: Deployment of web application directory C:\Users\victo\Desktop\sql\tomcat\webapps\docs has finished in 589 ms
Oct 24, 2016 2:11:14 AM org.apache.catalina.startup.HostConfig deployDirectory
INFO: Deploying web application directory C:\Users\victo\Desktop\sql\tomcat\webapps\examples
Oct 24, 2016 2:11:15 AM org.apache.catalina.startup.HostConfig deployDirectory
INFO: Deployment of web application directory C:\Users\victo\Desktop\sql\tomcat\webapps\examples has finished in 536 ms
Oct 24, 2016 2:11:15 AM org.apache.catalina.startup.HostConfig deployDirectory
INFO: Deploying web application directory C:\Users\victo\Desktop\sql\tomcat\webapps\hello
Oct 24, 2016 2:11:15 AM org.apache.catalina.startup.HostConfig deployDirectory
INFO: Deployment of web application directory C:\Users\victo\Desktop\sql\tomcat\webapps\hello has finished in 103 ms
Oct 24, 2016 2:11:15 AM org.apache.catalina.startup.HostConfig deployDirectory
INFO: Deploying web application directory C:\Users\victo\Desktop\sql\tomcat\webapps\host-manager
Oct 24, 2016 2:11:15 AM org.apache.catalina.startup.HostConfig deployDirectory
INFO: Deployment of web application directory C:\Users\victo\Desktop\sql\tomcat\webapps\host-manager has finished in 72 ms
Oct 24, 2016 2:11:15 AM org.apache.catalina.startup.HostConfig deployDirectory
INFO: Deploying web application directory C:\Users\victo\Desktop\sql\tomcat\webapps\manager
Oct 24, 2016 2:11:15 AM org.apache.catalina.startup.HostConfig deployDirectory
INFO: Deployment of web application directory C:\Users\victo\Desktop\sql\tomcat\webapps\manager has finished in 51 ms
Oct 24, 2016 2:11:15 AM org.apache.catalina.startup.HostConfig deployDirectory
INFO: Deploying web application directory C:\Users\victo\Desktop\sql\tomcat\webapps\ROOT
Oct 24, 2016 2:11:15 AM org.apache.catalina.startup.HostConfig deployDirectory
INFO: Deployment of web application directory C:\Users\victo\Desktop\sql\tomcat\webapps\ROOT has finished in 75 ms
Oct 24, 2016 2:11:15 AM org.apache.coyote.AbstractProtocol start
INFO: Starting ProtocolHandler ["http-apr-9999"]
Oct 24, 2016 2:11:15 AM org.apache.coyote.AbstractProtocol start
INFO: Starting ProtocolHandler ["ajp-apr-8009"]
Oct 24, 2016 2:11:15 AM org.apache.catalina.startup.Catalina start
INFO: Server startup in 1562 ms
Oct 24, 2016 2:15:45 AM org.apache.catalina.core.StandardContext reload
INFO: Reloading Context with name [/hello] has started
Oct 24, 2016 2:15:46 AM org.apache.catalina.core.StandardContext reload
INFO: Reloading Context with name [/hello] is completed
Oct 24, 2016 2:17:56 AM org.apache.catalina.core.StandardContext reload
INFO: Reloading Context with name [/hello] has started
Oct 24, 2016 2:17:56 AM org.apache.catalina.core.StandardContext reload
INFO: Reloading Context with name [/hello] is completed
Oct 24, 2016 2:18:26 AM org.apache.catalina.core.StandardContext reload
INFO: Reloading Context with name [/hello] has started
Oct 24, 2016 2:18:26 AM org.apache.catalina.core.StandardContext reload
INFO: Reloading Context with name [/hello] is completed
Oct 24, 2016 2:18:46 AM org.apache.catalina.core.StandardContext reload
INFO: Reloading Context with name [/hello] has started
Oct 24, 2016 2:18:46 AM org.apache.catalina.core.StandardContext reload
INFO: Reloading Context with name [/hello] is completed
Oct 24, 2016 2:19:56 AM org.apache.catalina.core.StandardContext reload
INFO: Reloading Context with name [/hello] has started
Oct 24, 2016 2:19:56 AM org.apache.catalina.core.StandardContext reload
INFO: Reloading Context with name [/hello] is completed
Oct 24, 2016 2:25:27 AM org.apache.catalina.core.StandardContext reload
INFO: Reloading Context with name [/hello] has started
Oct 24, 2016 2:25:27 AM org.apache.catalina.core.StandardContext reload
INFO: Reloading Context with name [/hello] is completed
Oct 24, 2016 2:28:18 AM org.apache.catalina.core.StandardContext reload
INFO: Reloading Context with name [/hello] has started
Oct 24, 2016 2:28:18 AM org.apache.catalina.core.StandardContext reload
INFO: Reloading Context with name [/hello] is completed
Oct 24, 2016 2:28:58 AM org.apache.catalina.core.StandardContext reload
INFO: Reloading Context with name [/hello] has started
Oct 24, 2016 2:28:58 AM org.apache.catalina.core.StandardContext reload
INFO: Reloading Context with name [/hello] is completed
Oct 24, 2016 2:29:08 AM org.apache.catalina.core.StandardContext reload
INFO: Reloading Context with name [/hello] has started
Oct 24, 2016 2:29:08 AM org.apache.catalina.core.StandardContext reload
INFO: Reloading Context with name [/hello] is completed
Oct 24, 2016 2:38:30 AM org.apache.catalina.core.StandardContext reload
INFO: Reloading Context with name [/hello] has started
Oct 24, 2016 2:38:30 AM org.apache.catalina.core.StandardContext reload
INFO: Reloading Context with name [/hello] is completed
Oct 24, 2016 2:39:00 AM org.apache.catalina.core.StandardContext reload
INFO: Reloading Context with name [/hello] has started
Oct 24, 2016 2:39:00 AM org.apache.catalina.core.StandardContext reload
INFO: Reloading Context with name [/hello] is completed
Oct 24, 2016 2:39:10 AM org.apache.catalina.core.StandardContext reload
INFO: Reloading Context with name [/hello] has started
Oct 24, 2016 2:39:10 AM org.apache.catalina.core.StandardContext reload
INFO: Reloading Context with name [/hello] is completed
Oct 24, 2016 2:40:31 AM org.apache.catalina.core.StandardContext reload
INFO: Reloading Context with name [/hello] has started
Oct 24, 2016 2:40:31 AM org.apache.catalina.core.StandardContext reload
INFO: Reloading Context with name [/hello] is completed
Oct 24, 2016 2:41:51 AM org.apache.catalina.core.StandardContext reload
INFO: Reloading Context with name [/hello] has started
Oct 24, 2016 2:41:51 AM org.apache.catalina.core.StandardContext reload
INFO: Reloading Context with name [/hello] is completed
Oct 24, 2016 2:42:21 AM org.apache.catalina.core.StandardContext reload
INFO: Reloading Context with name [/hello] has started
Oct 24, 2016 2:42:21 AM org.apache.catalina.core.StandardContext reload
INFO: Reloading Context with name [/hello] is completed
Oct 24, 2016 2:48:42 AM org.apache.catalina.core.StandardContext reload
INFO: Reloading Context with name [/hello] has started
Oct 24, 2016 2:48:42 AM org.apache.catalina.core.StandardContext reload
INFO: Reloading Context with name [/hello] is completed
Oct 24, 2016 2:49:22 AM org.apache.catalina.core.StandardContext reload
INFO: Reloading Context with name [/hello] has started
Oct 24, 2016 2:49:23 AM org.apache.catalina.core.StandardContext reload
INFO: Reloading Context with name [/hello] is completed
Oct 24, 2016 2:52:13 AM org.apache.catalina.core.StandardContext reload
INFO: Reloading Context with name [/hello] has started
Oct 24, 2016 2:52:13 AM org.apache.catalina.core.StandardContext reload
INFO: Reloading Context with name [/hello] is completed
Oct 24, 2016 2:52:43 AM org.apache.catalina.core.StandardContext reload
INFO: Reloading Context with name [/hello] has started
Oct 24, 2016 2:52:43 AM org.apache.catalina.core.StandardContext reload
INFO: Reloading Context with name [/hello] is completed
Oct 24, 2016 2:54:44 AM org.apache.catalina.core.StandardContext reload
INFO: Reloading Context with name [/hello] has started
Oct 24, 2016 2:54:44 AM org.apache.catalina.core.StandardContext reload
INFO: Reloading Context with name [/hello] is completed
Oct 24, 2016 2:55:24 AM org.apache.catalina.core.StandardContext reload
INFO: Reloading Context with name [/hello] has started
Oct 24, 2016 2:55:24 AM org.apache.catalina.core.StandardContext reload
INFO: Reloading Context with name [/hello] is completed
Oct 24, 2016 2:55:54 AM org.apache.catalina.core.StandardContext reload
INFO: Reloading Context with name [/hello] has started
Oct 24, 2016 2:55:54 AM org.apache.catalina.core.StandardContext reload
INFO: Reloading Context with name [/hello] is completed
Oct 24, 2016 2:56:34 AM org.apache.catalina.core.StandardContext reload
INFO: Reloading Context with name [/hello] has started
Oct 24, 2016 2:56:34 AM org.apache.catalina.core.StandardContext reload
INFO: Reloading Context with name [/hello] is completed
Oct 24, 2016 2:58:15 AM org.apache.catalina.core.StandardContext reload
INFO: Reloading Context with name [/hello] has started
Oct 24, 2016 2:58:15 AM org.apache.catalina.core.StandardContext reload
INFO: Reloading Context with name [/hello] is completed
Oct 24, 2016 2:58:55 AM org.apache.catalina.core.StandardContext reload
INFO: Reloading Context with name [/hello] has started
Oct 24, 2016 2:58:55 AM org.apache.catalina.core.StandardContext reload
INFO: Reloading Context with name [/hello] is completed
Oct 24, 2016 2:59:45 AM org.apache.catalina.core.StandardContext reload
INFO: Reloading Context with name [/hello] has started
Oct 24, 2016 2:59:45 AM org.apache.catalina.core.StandardContext reload
INFO: Reloading Context with name [/hello] is completed
Oct 24, 2016 3:10:17 AM org.apache.catalina.core.StandardContext reload
INFO: Reloading Context with name [/hello] has started
Oct 24, 2016 3:10:17 AM org.apache.catalina.core.StandardContext reload
INFO: Reloading Context with name [/hello] is completed
Oct 24, 2016 3:10:27 AM org.apache.catalina.core.StandardContext reload
INFO: Reloading Context with name [/hello] has started
Oct 24, 2016 3:10:27 AM org.apache.catalina.core.StandardContext reload
INFO: Reloading Context with name [/hello] is completed
